[INFO] [1776660942.990803317] [imu_node]: IMU Node Started (listening on /imu/gazebo_ros_imu/out, publishing /imu/data)
[INFO] [1776660944.186006070] [imu_node]: IMU update #1: orientation=(0.00, 0.00, -0.00, 1.00)
[INFO] [1776660946.786893666] [imu_node]: IMU update #20: orientation=(-0.00, -0.00, 0.00, 1.00)
[INFO] [1776660949.011418028] [imu_node]: IMU update #40: orientation=(0.00, 0.00, 0.00, 1.00)
[INFO] [1776660951.186468224] [imu_node]: IMU update #60: orientation=(-0.00, -0.00, 0.00, 1.00)
[INFO] [1776660953.354899524] [imu_node]: IMU update #80: orientation=(0.00, 0.00, 0.00, 1.00)
[INFO] [1776660955.856030893] [imu_node]: IMU update #100: orientation=(0.00, -0.00, 0.00, 1.00)
[INFO] [1776660957.711330545] [imu_node]: IMU update #120: orientation=(0.00, 0.00, 0.00, 1.00)
[INFO] [1776660960.174328418] [imu_node]: IMU update #140: orientation=(0.00, -0.00, 0.00, 1.00)
[INFO] [1776660962.540170486] [imu_node]: IMU update #160: orientation=(0.00, -0.00, 0.00, 1.00)
[INFO] [1776660964.838102412] [imu_node]: IMU update #180: orientation=(-0.00, -0.00, 0.00, 1.00)
[INFO] [1776660966.762545367] [imu_node]: IMU update #200: orientation=(0.00, 0.00, 0.00, 1.00)
[INFO] [1776660968.719542360] [imu_node]: IMU update #220: orientation=(0.00, 0.00, 0.00, 1.00)
[INFO] [1776660970.906810602] [imu_node]: IMU update #240: orientation=(0.00, 0.00, 0.00, 1.00)
[INFO] [1776660973.113617769] [imu_node]: IMU update #260: orientation=(0.00, -0.00, 0.03, 1.00)
[INFO] [1776660975.245795902] [imu_node]: IMU update #280: orientation=(-0.00, -0.00, 0.10, 0.99)
[INFO] [1776660977.648525025] [imu_node]: IMU update #300: orientation=(-0.00, 0.00, 0.13, 0.99)
[INFO] [1776660979.197219420] [imu_node]: IMU update #320: orientation=(-0.00, 0.00, 0.15, 0.99)
[INFO] [1776660981.494376540] [imu_node]: IMU update #340: orientation=(0.00, -0.00, 0.17, 0.99)
[INFO] [1776660983.236172741] [imu_node]: IMU update #360: orientation=(-0.00, -0.00, 0.22, 0.97)
[INFO] [1776660985.184371572] [imu_node]: IMU update #380: orientation=(-0.00, 0.00, 0.23, 0.97)
[INFO] [1776660987.300025454] [imu_node]: IMU update #400: orientation=(0.00, 0.00, 0.23, 0.97)
[INFO] [1776660989.342065186] [imu_node]: IMU update #420: orientation=(-0.00, -0.00, 0.25, 0.97)
[INFO] [1776660990.846973789] [imu_node]: IMU update #440: orientation=(0.00, -0.00, 0.26, 0.96)
[INFO] [1776660992.593888077] [imu_node]: IMU update #460: orientation=(-0.00, -0.00, 0.26, 0.96)
[INFO] [1776660994.588963592] [imu_node]: IMU update #480: orientation=(0.00, 0.00, 0.26, 0.96)
[INFO] [1776660996.029503702] [imu_node]: IMU update #500: orientation=(-0.00, 0.00, 0.27, 0.96)
[INFO] [1776660998.543867722] [imu_node]: IMU update #520: orientation=(-0.00, 0.00, 0.31, 0.95)
[INFO] [1776661000.695373434] [imu_node]: IMU update #540: orientation=(0.00, -0.00, 0.31, 0.95)
[INFO] [1776661002.606849742] [imu_node]: IMU update #560: orientation=(0.00, 0.00, 0.31, 0.95)
[INFO] [1776661004.777660079] [imu_node]: IMU update #580: orientation=(0.00, -0.00, 0.32, 0.95)
[INFO] [1776661006.345395012] [imu_node]: IMU update #600: orientation=(-0.00, -0.00, 0.35, 0.94)
[INFO] [1776661007.842691813] [imu_node]: IMU update #620: orientation=(-0.00, -0.00, 0.35, 0.94)
[INFO] [1776661009.296501570] [imu_node]: IMU update #640: orientation=(-0.00, -0.00, 0.35, 0.94)
[INFO] [1776661011.109081489] [imu_node]: IMU update #660: orientation=(0.00, -0.00, 0.35, 0.93)
[INFO] [1776661012.923180256] [imu_node]: IMU update #680: orientation=(0.00, -0.00, 0.39, 0.92)
[INFO] [1776661015.042665939] [imu_node]: IMU update #700: orientation=(0.00, -0.00, 0.39, 0.92)
[INFO] [1776661016.450299084] [imu_node]: IMU update #720: orientation=(-0.00, -0.00, 0.40, 0.91)
[INFO] [1776661018.917723551] [imu_node]: IMU update #740: orientation=(-0.00, -0.00, 0.55, 0.84)
[INFO] [1776661020.793027175] [imu_node]: IMU update #760: orientation=(0.00, 0.00, 0.69, 0.73)
[INFO] [1776661022.706996476] [imu_node]: IMU update #780: orientation=(-0.00, -0.00, 0.70, 0.72)
[INFO] [1776661024.727935388] [imu_node]: IMU update #800: orientation=(0.00, 0.00, 0.70, 0.72)
[INFO] [1776661027.099147025] [imu_node]: IMU update #820: orientation=(0.00, 0.00, 0.71, 0.71)
[INFO] [1776661029.776903390] [imu_node]: IMU update #840: orientation=(0.00, -0.00, 0.75, 0.66)
[INFO] [1776661032.499993981] [imu_node]: IMU update #860: orientation=(0.00, -0.00, 0.82, 0.57)
[INFO] [1776661035.137170611] [imu_node]: IMU update #880: orientation=(0.00, -0.00, 0.83, 0.56)
[INFO] [1776661037.291650114] [imu_node]: IMU update #900: orientation=(0.00, -0.00, 0.83, 0.56)
[INFO] [1776661039.635146063] [imu_node]: IMU update #920: orientation=(-0.00, -0.00, 0.83, 0.56)
[INFO] [1776661041.817909392] [imu_node]: IMU update #940: orientation=(-0.00, 0.00, 0.83, 0.56)
[INFO] [1776661043.054704844] [imu_node]: IMU update #960: orientation=(-0.00, 0.00, 0.83, 0.56)
[INFO] [1776661045.686574032] [imu_node]: IMU update #980: orientation=(0.00, -0.00, 0.83, 0.56)
[INFO] [1776661047.534689435] [imu_node]: IMU update #1000: orientation=(0.00, -0.00, 0.83, 0.56)
[INFO] [1776661048.955163389] [imu_node]: IMU update #1020: orientation=(-0.00, 0.00, 0.85, 0.52)
[INFO] [1776661050.914381619] [imu_node]: IMU update #1040: orientation=(-0.00, 0.00, 0.86, 0.50)
[INFO] [1776661052.919131932] [imu_node]: IMU update #1060: orientation=(-0.00, 0.00, 0.87, 0.50)
[INFO] [1776661054.920993992] [imu_node]: IMU update #1080: orientation=(-0.00, 0.00, 0.87, 0.50)
[INFO] [1776661056.789105467] [imu_node]: IMU update #1100: orientation=(-0.00, 0.00, 0.87, 0.50)
[INFO] [1776661058.315492877] [imu_node]: IMU update #1120: orientation=(0.00, 0.00, 0.87, 0.50)
[INFO] [1776661060.125448925] [imu_node]: IMU update #1140: orientation=(-0.00, -0.00, 0.87, 0.50)
[INFO] [1776661061.910815715] [imu_node]: IMU update #1160: orientation=(-0.00, 0.00, 0.87, 0.50)
[INFO] [1776661063.967713520] [imu_node]: IMU update #1180: orientation=(-0.00, 0.00, 0.87, 0.50)
[INFO] [1776661066.485112472] [imu_node]: IMU update #1200: orientation=(0.00, -0.00, 0.87, 0.50)
[INFO] [1776661068.707517170] [imu_node]: IMU update #1220: orientation=(0.00, -0.00, 0.87, 0.49)
[INFO] [1776661070.284734876] [imu_node]: IMU update #1240: orientation=(-0.00, 0.00, 0.87, 0.49)
[INFO] [1776661071.763007054] [imu_node]: IMU update #1260: orientation=(-0.00, 0.00, 0.87, 0.49)
[INFO] [1776661074.085855509] [imu_node]: IMU update #1280: orientation=(0.00, 0.00, 0.87, 0.49)
[INFO] [1776661077.720298216] [imu_node]: IMU update #1300: orientation=(0.00, -0.00, 0.87, 0.49)
[INFO] [1776661083.197639446] [imu_node]: IMU update #1320: orientation=(-0.00, -0.00, 0.87, 0.49)
[INFO] [1776661085.421668388] [imu_node]: IMU update #1340: orientation=(-0.00, -0.00, 0.87, 0.49)
[INFO] [1776661087.560422105] [imu_node]: IMU update #1360: orientation=(0.00, 0.00, 0.87, 0.49)
[INFO] [1776661090.302374375] [imu_node]: IMU update #1380: orientation=(0.00, -0.00, 0.88, 0.48)
[INFO] [1776661092.571007182] [imu_node]: IMU update #1400: orientation=(0.00, -0.00, 0.88, 0.48)
[INFO] [1776661095.212825699] [imu_node]: IMU update #1420: orientation=(0.00, 0.00, 0.88, 0.48)
[INFO] [1776661098.164656798] [imu_node]: IMU update #1440: orientation=(-0.00, 0.00, 0.88, 0.47)
[INFO] [1776661100.528011654] [imu_node]: IMU update #1460: orientation=(0.00, 0.00, 0.91, 0.42)
[INFO] [1776661102.841394223] [imu_node]: IMU update #1480: orientation=(0.00, -0.00, 0.93, 0.38)
[INFO] [1776661105.579526155] [imu_node]: IMU update #1500: orientation=(-0.00, -0.00, 0.93, 0.36)
[INFO] [1776661108.455369101] [imu_node]: IMU update #1520: orientation=(-0.00, -0.00, 0.94, 0.35)
[INFO] [1776661110.710558846] [imu_node]: IMU update #1540: orientation=(-0.00, -0.00, 0.93, 0.36)
[INFO] [1776661113.030768411] [imu_node]: IMU update #1560: orientation=(0.00, -0.00, 0.93, 0.36)
[INFO] [1776661115.302465000] [imu_node]: IMU update #1580: orientation=(0.00, 0.00, 0.94, 0.35)
[INFO] [1776661117.715005484] [imu_node]: IMU update #1600: orientation=(-0.00, 0.00, 0.94, 0.35)
[INFO] [1776661119.820610043] [imu_node]: IMU update #1620: orientation=(0.00, -0.00, 0.94, 0.35)
[INFO] [1776661121.584950179] [imu_node]: IMU update #1640: orientation=(0.00, -0.00, 0.94, 0.35)
[INFO] [1776661124.472410290] [imu_node]: IMU update #1660: orientation=(-0.00, 0.00, 0.94, 0.35)
[INFO] [1776661126.597647211] [imu_node]: IMU update #1680: orientation=(-0.00, 0.00, 0.94, 0.34)
[INFO] [1776661129.031970240] [imu_node]: IMU update #1700: orientation=(-0.00, -0.00, 0.94, 0.34)
[INFO] [1776661131.081615054] [imu_node]: IMU update #1720: orientation=(-0.00, 0.00, 0.97, 0.24)
[INFO] [1776661133.626348767] [imu_node]: IMU update #1740: orientation=(0.00, -0.00, 0.99, 0.11)
[INFO] [1776661135.543450344] [imu_node]: IMU update #1760: orientation=(-0.00, -0.00, 1.00, 0.10)
[INFO] [1776661138.165969337] [imu_node]: IMU update #1780: orientation=(-0.00, -0.00, 0.99, 0.10)
[INFO] [1776661141.124936573] [imu_node]: IMU update #1800: orientation=(-0.00, 0.00, 0.99, 0.10)
[INFO] [1776661144.177095508] [imu_node]: IMU update #1820: orientation=(-0.00, 0.00, 1.00, 0.09)
[INFO] [1776661146.373144951] [imu_node]: IMU update #1840: orientation=(0.00, 0.00, 1.00, 0.06)
[INFO] [1776661148.860672087] [imu_node]: IMU update #1860: orientation=(0.00, -0.00, 1.00, 0.06)
[INFO] [1776661369.091666914] [imu_node]: IMU update #1880: orientation=(0.00, -0.00, 0.00, 1.00)
[INFO] [1776661378.870373012] [imu_node]: IMU update #1900: orientation=(-0.00, -0.02, -0.00, 1.00)
[INFO] [1776661382.375689689] [imu_node]: IMU update #1920: orientation=(0.00, 0.00, -0.00, 1.00)
[INFO] [1776661391.254763913] [imu_node]: IMU update #1940: orientation=(0.00, 0.00, -0.00, 1.00)
[INFO] [1776661394.267324456] [imu_node]: IMU update #1960: orientation=(-0.00, -0.00, -0.00, 1.00)
[INFO] [1776661397.426678014] [imu_node]: IMU update #1980: orientation=(0.00, 0.00, 0.00, 1.00)
[INFO] [1776661400.316528929] [imu_node]: IMU update #2000: orientation=(0.00, 0.00, 0.00, 1.00)
[INFO] [1776661403.202724850] [imu_node]: IMU update #2020: orientation=(0.00, 0.00, 0.00, 1.00)
[INFO] [1776661405.439411091] [imu_node]: IMU update #2040: orientation=(0.00, 0.00, 0.00, 1.00)
[INFO] [1776661408.248114062] [imu_node]: IMU update #2060: orientation=(0.00, 0.00, 0.05, 1.00)
[INFO] [1776661411.520925174] [imu_node]: IMU update #2080: orientation=(-0.00, 0.00, 0.12, 0.99)
[INFO] [1776661414.951491558] [imu_node]: IMU update #2100: orientation=(-0.00, 0.00, 0.13, 0.99)
[INFO] [1776661417.640459753] [imu_node]: IMU update #2120: orientation=(0.00, 0.00, 0.13, 0.99)
[INFO] [1776661420.138791913] [imu_node]: IMU update #2140: orientation=(-0.00, 0.00, 0.17, 0.99)
[INFO] [1776661424.858900528] [imu_node]: IMU update #2160: orientation=(-0.00, 0.00, 0.20, 0.98)
[INFO] [1776661427.633746156] [imu_node]: IMU update #2180: orientation=(-0.00, 0.00, 0.20, 0.98)
[INFO] [1776661430.079319362] [imu_node]: IMU update #2200: orientation=(0.00, -0.00, 0.20, 0.98)
[INFO] [1776661432.853935540] [imu_node]: IMU update #2220: orientation=(0.00, 0.00, 0.21, 0.98)
[INFO] [1776661435.888474534] [imu_node]: IMU update #2240: orientation=(-0.00, 0.00, 0.21, 0.98)
[INFO] [1776661438.870485824] [imu_node]: IMU update #2260: orientation=(0.00, -0.00, 0.21, 0.98)
[INFO] [1776661442.674693503] [imu_node]: IMU update #2280: orientation=(0.00, -0.00, 0.21, 0.98)
[INFO] [1776661445.605761869] [imu_node]: IMU update #2300: orientation=(-0.00, 0.00, 0.21, 0.98)
[INFO] [1776661449.187263587] [imu_node]: IMU update #2320: orientation=(0.00, -0.00, 0.21, 0.98)
[INFO] [1776661452.076369102] [imu_node]: IMU update #2340: orientation=(-0.00, -0.00, 0.21, 0.98)
[INFO] [1776661455.114067258] [imu_node]: IMU update #2360: orientation=(0.00, -0.00, 0.21, 0.98)
[INFO] [1776661458.714025882] [imu_node]: IMU update #2380: orientation=(0.00, 0.00, 0.21, 0.98)
[INFO] [1776661461.543101801] [imu_node]: IMU update #2400: orientation=(0.00, -0.00, 0.24, 0.97)
[INFO] [1776661464.610717536] [imu_node]: IMU update #2420: orientation=(-0.00, 0.00, 0.24, 0.97)
[INFO] [1776661467.304737592] [imu_node]: IMU update #2440: orientation=(-0.00, -0.00, 0.24, 0.97)
[INFO] [1776661469.751187704] [imu_node]: IMU update #2460: orientation=(0.00, 0.00, 0.24, 0.97)
[INFO] [1776661472.116617314] [imu_node]: IMU update #2480: orientation=(0.00, -0.00, 0.25, 0.97)
[INFO] [1776661474.578721715] [imu_node]: IMU update #2500: orientation=(-0.00, 0.00, 0.27, 0.96)
[INFO] [1776661477.234270734] [imu_node]: IMU update #2520: orientation=(0.00, 0.00, 0.27, 0.96)
[INFO] [1776661480.478312302] [imu_node]: IMU update #2540: orientation=(0.00, 0.00, 0.27, 0.96)
[INFO] [1776661483.533648044] [imu_node]: IMU update #2560: orientation=(0.00, 0.00, 0.27, 0.96)
[INFO] [1776661486.721545432] [imu_node]: IMU update #2580: orientation=(-0.00, -0.00, 0.27, 0.96)
[INFO] [1776661489.687187331] [imu_node]: IMU update #2600: orientation=(0.00, 0.00, 0.27, 0.96)
[INFO] [1776661492.662638978] [imu_node]: IMU update #2620: orientation=(0.00, 0.00, 0.27, 0.96)
[INFO] [1776661495.517330578] [imu_node]: IMU update #2640: orientation=(0.00, 0.00, 0.27, 0.96)
[INFO] [1776661498.404710341] [imu_node]: IMU update #2660: orientation=(0.00, 0.00, 0.27, 0.96)
[INFO] [1776661501.029388442] [imu_node]: IMU update #2680: orientation=(-0.00, -0.00, 0.27, 0.96)
[INFO] [1776661503.905452212] [imu_node]: IMU update #2700: orientation=(0.00, 0.00, 0.27, 0.96)
[INFO] [1776661506.307241075] [imu_node]: IMU update #2720: orientation=(0.00, 0.00, 0.27, 0.96)
[INFO] [1776661508.980274122] [imu_node]: IMU update #2740: orientation=(0.00, -0.00, 0.27, 0.96)
[INFO] [1776661511.585075432] [imu_node]: IMU update #2760: orientation=(0.00, -0.00, 0.27, 0.96)
[INFO] [1776661514.380344880] [imu_node]: IMU update #2780: orientation=(0.00, 0.00, 0.26, 0.96)
[INFO] [1776661518.084469272] [imu_node]: IMU update #2800: orientation=(0.00, 0.00, 0.26, 0.96)
[INFO] [1776661520.228094743] [imu_node]: IMU update #2820: orientation=(0.00, 0.00, 0.26, 0.96)
[INFO] [1776661522.418506818] [imu_node]: IMU update #2840: orientation=(0.00, -0.00, 0.26, 0.96)
[INFO] [1776661524.054177762] [imu_node]: IMU update #2860: orientation=(0.00, 0.00, 0.27, 0.96)
[INFO] [1776661525.401738811] [imu_node]: IMU update #2880: orientation=(0.00, 0.00, 0.27, 0.96)
[INFO] [1776661526.597974816] [imu_node]: IMU update #2900: orientation=(-0.00, -0.00, 0.27, 0.96)
[INFO] [1776661527.636481608] [imu_node]: IMU update #2920: orientation=(0.00, 0.00, 0.27, 0.96)
[INFO] [1776661531.083389722] [imu_node]: IMU update #2940: orientation=(0.00, -0.00, 0.27, 0.96)
[INFO] [1776661532.584924534] [imu_node]: IMU update #2960: orientation=(0.00, 0.00, 0.27, 0.96)
[INFO] [1776661534.297483394] [imu_node]: IMU update #2980: orientation=(0.00, 0.00, 0.27, 0.96)
[INFO] [1776661536.004244016] [imu_node]: IMU update #3000: orientation=(0.00, 0.00, 0.27, 0.96)
[INFO] [1776661537.497979441] [imu_node]: IMU update #3020: orientation=(0.00, 0.00, 0.27, 0.96)
[INFO] [1776661538.733824543] [imu_node]: IMU update #3040: orientation=(-0.00, 0.00, 0.27, 0.96)
[INFO] [1776661540.279863757] [imu_node]: IMU update #3060: orientation=(-0.00, -0.00, 0.27, 0.96)
[INFO] [1776661541.952609101] [imu_node]: IMU update #3080: orientation=(0.00, 0.00, 0.27, 0.96)
[INFO] [1776661543.334778113] [imu_node]: IMU update #3100: orientation=(0.00, 0.00, 0.27, 0.96)
[INFO] [1776661544.882625034] [imu_node]: IMU update #3120: orientation=(-0.00, 0.00, 0.27, 0.96)
[INFO] [1776661546.324200504] [imu_node]: IMU update #3140: orientation=(0.00, -0.00, 0.28, 0.96)
[INFO] [1776661547.608624212] [imu_node]: IMU update #3160: orientation=(-0.00, -0.00, 0.28, 0.96)
[INFO] [1776661549.060629398] [imu_node]: IMU update #3180: orientation=(0.00, 0.00, 0.28, 0.96)
[INFO] [1776661550.679899244] [imu_node]: IMU update #3200: orientation=(-0.00, -0.00, 0.28, 0.96)
[INFO] [1776661551.848215433] [imu_node]: IMU update #3220: orientation=(-0.00, -0.00, 0.28, 0.96)
[INFO] [1776661553.157923103] [imu_node]: IMU update #3240: orientation=(-0.00, 0.00, 0.28, 0.96)
[INFO] [1776661554.081932458] [imu_node]: IMU update #3260: orientation=(0.00, 0.00, 0.28, 0.96)
[INFO] [1776661555.370595064] [imu_node]: IMU update #3280: orientation=(-0.00, -0.00, 0.28, 0.96)
[INFO] [1776661556.600392029] [imu_node]: IMU update #3300: orientation=(-0.00, -0.00, 0.28, 0.96)
[INFO] [1776661557.857083293] [imu_node]: IMU update #3320: orientation=(-0.00, -0.00, 0.28, 0.96)
[INFO] [1776661558.904639355] [imu_node]: IMU update #3340: orientation=(-0.00, 0.00, 0.28, 0.96)
[INFO] [1776661560.083773432] [imu_node]: IMU update #3360: orientation=(0.00, 0.00, 0.28, 0.96)
[INFO] [1776661561.611677281] [imu_node]: IMU update #3380: orientation=(-0.00, 0.00, 0.29, 0.96)
[INFO] [1776661562.932089954] [imu_node]: IMU update #3400: orientation=(-0.00, 0.00, 0.34, 0.94)
[INFO] [1776661564.503953685] [imu_node]: IMU update #3420: orientation=(-0.00, 0.00, 0.35, 0.94)
[INFO] [1776661565.623664137] [imu_node]: IMU update #3440: orientation=(0.00, -0.00, 0.35, 0.94)
[INFO] [1776661566.656185300] [imu_node]: IMU update #3460: orientation=(0.00, -0.00, 0.35, 0.94)
[INFO] [1776661567.917251154] [imu_node]: IMU update #3480: orientation=(0.00, 0.00, 0.35, 0.94)
[INFO] [1776661569.185236084] [imu_node]: IMU update #3500: orientation=(-0.00, 0.00, 0.35, 0.94)
[INFO] [1776661570.467310773] [imu_node]: IMU update #3520: orientation=(0.00, 0.00, 0.35, 0.94)
[INFO] [1776661571.859537439] [imu_node]: IMU update #3540: orientation=(-0.00, 0.00, 0.35, 0.94)
[INFO] [1776661573.563966560] [imu_node]: IMU update #3560: orientation=(0.00, 0.00, 0.35, 0.94)
[INFO] [1776661575.134628970] [imu_node]: IMU update #3580: orientation=(0.00, 0.00, 0.35, 0.94)
[INFO] [1776661576.668112797] [imu_node]: IMU update #3600: orientation=(-0.00, 0.00, 0.35, 0.94)
[INFO] [1776661577.960369767] [imu_node]: IMU update #3620: orientation=(-0.00, 0.00, 0.35, 0.94)
[INFO] [1776661579.059433186] [imu_node]: IMU update #3640: orientation=(-0.00, 0.00, 0.34, 0.94)
[INFO] [1776661580.247138029] [imu_node]: IMU update #3660: orientation=(0.00, 0.00, 0.34, 0.94)
[INFO] [1776661581.633469594] [imu_node]: IMU update #3680: orientation=(-0.00, 0.00, 0.35, 0.94)
[INFO] [1776661582.796979048] [imu_node]: IMU update #3700: orientation=(-0.00, -0.00, 0.35, 0.94)
[INFO] [1776661583.997941330] [imu_node]: IMU update #3720: orientation=(0.00, -0.00, 0.34, 0.94)
[INFO] [1776661585.296478233] [imu_node]: IMU update #3740: orientation=(-0.00, 0.00, 0.34, 0.94)
[INFO] [1776661586.864597315] [imu_node]: IMU update #3760: orientation=(-0.00, 0.00, 0.34, 0.94)
[INFO] [1776661587.897283101] [imu_node]: IMU update #3780: orientation=(0.00, 0.00, 0.34, 0.94)
[INFO] [1776661589.399919474] [imu_node]: IMU update #3800: orientation=(-0.00, -0.00, 0.34, 0.94)
[INFO] [1776661590.550033787] [imu_node]: IMU update #3820: orientation=(-0.00, 0.00, 0.34, 0.94)
[INFO] [1776661591.967041977] [imu_node]: IMU update #3840: orientation=(-0.00, -0.00, 0.34, 0.94)
[INFO] [1776661593.486250953] [imu_node]: IMU update #3860: orientation=(-0.00, 0.00, 0.34, 0.94)
[INFO] [1776661594.836345277] [imu_node]: IMU update #3880: orientation=(0.00, 0.00, 0.34, 0.94)
[INFO] [1776661596.413454787] [imu_node]: IMU update #3900: orientation=(-0.00, 0.00, 0.34, 0.94)
[INFO] [1776661598.046314995] [imu_node]: IMU update #3920: orientation=(0.00, 0.00, 0.34, 0.94)
[INFO] [1776661599.288340085] [imu_node]: IMU update #3940: orientation=(-0.00, 0.00, 0.34, 0.94)
[INFO] [1776661601.004234166] [imu_node]: IMU update #3960: orientation=(-0.00, 0.00, 0.34, 0.94)
[INFO] [1776661602.237279383] [imu_node]: IMU update #3980: orientation=(-0.00, 0.00, 0.34, 0.94)
[INFO] [1776661603.551932953] [imu_node]: IMU update #4000: orientation=(-0.00, 0.00, 0.34, 0.94)
[INFO] [1776661605.309277237] [imu_node]: IMU update #4020: orientation=(0.00, 0.00, 0.34, 0.94)
[INFO] [1776661606.753344473] [imu_node]: IMU update #4040: orientation=(-0.00, 0.00, 0.34, 0.94)
[INFO] [1776661608.225103967] [imu_node]: IMU update #4060: orientation=(-0.00, 0.00, 0.34, 0.94)
[INFO] [1776661609.530129588] [imu_node]: IMU update #4080: orientation=(-0.00, 0.00, 0.34, 0.94)
[INFO] [1776661611.044089755] [imu_node]: IMU update #4100: orientation=(0.00, 0.00, 0.34, 0.94)
[INFO] [1776661612.189332209] [imu_node]: IMU update #4120: orientation=(0.00, -0.00, 0.34, 0.94)
[INFO] [1776661613.152905926] [imu_node]: IMU update #4140: orientation=(-0.00, 0.00, 0.34, 0.94)
[INFO] [1776661614.269764684] [imu_node]: IMU update #4160: orientation=(0.00, 0.00, 0.34, 0.94)
[INFO] [1776661616.075923442] [imu_node]: IMU update #4180: orientation=(0.00, -0.00, 0.34, 0.94)
[INFO] [1776661618.737760149] [imu_node]: IMU update #4200: orientation=(0.00, -0.00, 0.34, 0.94)
[INFO] [1776661620.211958974] [imu_node]: IMU update #4220: orientation=(-0.00, 0.00, 0.34, 0.94)
[INFO] [1776661621.421220197] [imu_node]: IMU update #4240: orientation=(-0.00, 0.00, 0.34, 0.94)
[INFO] [1776661622.574268605] [imu_node]: IMU update #4260: orientation=(-0.00, 0.00, 0.34, 0.94)
[INFO] [1776661624.174011024] [imu_node]: IMU update #4280: orientation=(0.00, 0.00, 0.34, 0.94)
[INFO] [1776661625.841596152] [imu_node]: IMU update #4300: orientation=(-0.00, 0.00, 0.34, 0.94)
[INFO] [1776661627.435892616] [imu_node]: IMU update #4320: orientation=(-0.00, 0.00, 0.34, 0.94)
[INFO] [1776661628.412964780] [imu_node]: IMU update #4340: orientation=(-0.00, 0.00, 0.34, 0.94)
[INFO] [1776661629.557623671] [imu_node]: IMU update #4360: orientation=(-0.00, 0.00, 0.34, 0.94)
[INFO] [1776661631.233284200] [imu_node]: IMU update #4380: orientation=(-0.00, 0.00, 0.34, 0.94)
[INFO] [1776661632.512399145] [imu_node]: IMU update #4400: orientation=(-0.00, 0.00, 0.34, 0.94)
[INFO] [1776661634.227320119] [imu_node]: IMU update #4420: orientation=(0.00, 0.00, 0.34, 0.94)
[INFO] [1776661635.661335145] [imu_node]: IMU update #4440: orientation=(-0.00, 0.00, 0.34, 0.94)
[INFO] [1776661637.034712246] [imu_node]: IMU update #4460: orientation=(-0.00, 0.00, 0.35, 0.94)
[INFO] [1776661638.198678402] [imu_node]: IMU update #4480: orientation=(-0.00, 0.00, 0.35, 0.94)
[INFO] [1776661639.564631809] [imu_node]: IMU update #4500: orientation=(-0.00, 0.00, 0.35, 0.94)
[INFO] [1776661640.687620004] [imu_node]: IMU update #4520: orientation=(-0.00, -0.00, 0.36, 0.93)
[INFO] [1776661641.723440666] [imu_node]: IMU update #4540: orientation=(0.00, -0.00, 0.39, 0.92)
[INFO] [1776661642.919488363] [imu_node]: IMU update #4560: orientation=(-0.00, -0.00, 0.39, 0.92)
[INFO] [1776661644.198014711] [imu_node]: IMU update #4580: orientation=(-0.00, -0.00, 0.39, 0.92)
[INFO] [1776661645.035507059] [imu_node]: IMU update #4600: orientation=(-0.00, -0.00, 0.39, 0.92)
[INFO] [1776661646.047180733] [imu_node]: IMU update #4620: orientation=(-0.00, 0.00, 0.39, 0.92)
[INFO] [1776661647.319596645] [imu_node]: IMU update #4640: orientation=(-0.00, -0.00, 0.39, 0.92)
[INFO] [1776661648.359742264] [imu_node]: IMU update #4660: orientation=(0.00, -0.00, 0.39, 0.92)
[INFO] [1776661649.319113703] [imu_node]: IMU update #4680: orientation=(0.00, 0.00, 0.39, 0.92)
[INFO] [1776661650.510160025] [imu_node]: IMU update #4700: orientation=(0.00, -0.00, 0.39, 0.92)
[INFO] [1776661651.475064474] [imu_node]: IMU update #4720: orientation=(-0.00, 0.00, 0.39, 0.92)
[INFO] [1776661652.699875352] [imu_node]: IMU update #4740: orientation=(-0.00, -0.00, 0.39, 0.92)
[INFO] [1776661653.854277376] [imu_node]: IMU update #4760: orientation=(0.00, 0.00, 0.39, 0.92)
[INFO] [1776661654.954888012] [imu_node]: IMU update #4780: orientation=(-0.00, 0.00, 0.39, 0.92)
[INFO] [1776661656.120824288] [imu_node]: IMU update #4800: orientation=(-0.00, -0.00, 0.39, 0.92)
[INFO] [1776661657.364734908] [imu_node]: IMU update #4820: orientation=(-0.00, -0.00, 0.41, 0.91)
[INFO] [1776661658.440164002] [imu_node]: IMU update #4840: orientation=(-0.00, -0.00, 0.49, 0.87)
[INFO] [1776661659.549798118] [imu_node]: IMU update #4860: orientation=(-0.00, -0.00, 0.51, 0.86)
[INFO] [1776661660.668825523] [imu_node]: IMU update #4880: orientation=(-0.00, 0.00, 0.51, 0.86)
[INFO] [1776661661.893972340] [imu_node]: IMU update #4900: orientation=(-0.00, -0.00, 0.51, 0.86)
[INFO] [1776661663.079542731] [imu_node]: IMU update #4920: orientation=(0.00, 0.00, 0.51, 0.86)
[INFO] [1776661664.203202781] [imu_node]: IMU update #4940: orientation=(-0.00, 0.00, 0.51, 0.86)
[INFO] [1776661665.421792980] [imu_node]: IMU update #4960: orientation=(-0.00, 0.00, 0.50, 0.86)
[INFO] [1776661666.458399234] [imu_node]: IMU update #4980: orientation=(0.00, 0.00, 0.51, 0.86)
[INFO] [1776661667.574729313] [imu_node]: IMU update #5000: orientation=(-0.00, 0.00, 0.51, 0.86)
[INFO] [1776661668.707000446] [imu_node]: IMU update #5020: orientation=(0.00, 0.00, 0.51, 0.86)
[INFO] [1776661669.870243334] [imu_node]: IMU update #5040: orientation=(0.00, 0.00, 0.51, 0.86)
[INFO] [1776661671.053385160] [imu_node]: IMU update #5060: orientation=(-0.00, 0.00, 0.51, 0.86)
[INFO] [1776661672.168440584] [imu_node]: IMU update #5080: orientation=(0.00, 0.00, 0.51, 0.86)
[INFO] [1776661673.285640234] [imu_node]: IMU update #5100: orientation=(-0.00, 0.00, 0.51, 0.86)
[INFO] [1776661674.375660915] [imu_node]: IMU update #5120: orientation=(-0.00, 0.00, 0.51, 0.86)
[INFO] [1776661675.422318145] [imu_node]: IMU update #5140: orientation=(-0.00, 0.00, 0.51, 0.86)
[INFO] [1776661676.524772727] [imu_node]: IMU update #5160: orientation=(0.00, 0.00, 0.51, 0.86)
[INFO] [1776661677.546320367] [imu_node]: IMU update #5180: orientation=(-0.00, 0.00, 0.51, 0.86)
[INFO] [1776661678.670111386] [imu_node]: IMU update #5200: orientation=(-0.00, 0.00, 0.51, 0.86)
[INFO] [1776661679.950012458] [imu_node]: IMU update #5220: orientation=(-0.00, 0.00, 0.51, 0.86)
[INFO] [1776661681.047316015] [imu_node]: IMU update #5240: orientation=(-0.00, 0.00, 0.51, 0.86)
[INFO] [1776661682.059151312] [imu_node]: IMU update #5260: orientation=(0.00, 0.00, 0.51, 0.86)
[INFO] [1776661682.914323199] [imu_node]: IMU update #5280: orientation=(0.00, 0.00, 0.51, 0.86)
[INFO] [1776661683.894955272] [imu_node]: IMU update #5300: orientation=(-0.00, 0.00, 0.51, 0.86)
[INFO] [1776661684.936798418] [imu_node]: IMU update #5320: orientation=(-0.00, 0.00, 0.51, 0.86)
[INFO] [1776661686.059028283] [imu_node]: IMU update #5340: orientation=(-0.00, 0.00, 0.51, 0.86)
[INFO] [1776661687.068293345] [imu_node]: IMU update #5360: orientation=(0.00, 0.00, 0.51, 0.86)
[INFO] [1776661688.196170576] [imu_node]: IMU update #5380: orientation=(0.00, 0.00, 0.51, 0.86)
[INFO] [1776661689.251359043] [imu_node]: IMU update #5400: orientation=(-0.00, 0.00, 0.51, 0.86)
[INFO] [1776661690.343865478] [imu_node]: IMU update #5420: orientation=(-0.00, 0.00, 0.51, 0.86)
[INFO] [1776661691.461319165] [imu_node]: IMU update #5440: orientation=(-0.00, 0.00, 0.51, 0.86)
[INFO] [1776661692.783387377] [imu_node]: IMU update #5460: orientation=(-0.00, 0.00, 0.51, 0.86)
[INFO] [1776661694.064685556] [imu_node]: IMU update #5480: orientation=(-0.00, 0.00, 0.51, 0.86)
[INFO] [1776661695.196364330] [imu_node]: IMU update #5500: orientation=(-0.00, 0.00, 0.51, 0.86)
[INFO] [1776661696.336326419] [imu_node]: IMU update #5520: orientation=(-0.00, 0.00, 0.51, 0.86)
[INFO] [1776661697.563011852] [imu_node]: IMU update #5540: orientation=(-0.00, 0.00, 0.51, 0.86)
[INFO] [1776661698.651375352] [imu_node]: IMU update #5560: orientation=(-0.00, 0.00, 0.51, 0.86)
[INFO] [1776661699.987470277] [imu_node]: IMU update #5580: orientation=(0.00, 0.00, 0.51, 0.86)
[INFO] [1776661701.075780726] [imu_node]: IMU update #5600: orientation=(0.00, 0.00, 0.51, 0.86)
[INFO] [1776661702.058506043] [imu_node]: IMU update #5620: orientation=(-0.00, 0.00, 0.51, 0.86)
[INFO] [1776661703.214290741] [imu_node]: IMU update #5640: orientation=(-0.00, 0.00, 0.51, 0.86)
[INFO] [1776661704.381857418] [imu_node]: IMU update #5660: orientation=(-0.00, 0.00, 0.51, 0.86)
[INFO] [1776661705.510725415] [imu_node]: IMU update #5680: orientation=(-0.00, 0.00, 0.51, 0.86)
[INFO] [1776661706.635132072] [imu_node]: IMU update #5700: orientation=(0.00, 0.00, 0.51, 0.86)
[INFO] [1776661707.867426854] [imu_node]: IMU update #5720: orientation=(-0.00, 0.00, 0.51, 0.86)
[INFO] [1776661709.062732518] [imu_node]: IMU update #5740: orientation=(-0.00, 0.00, 0.51, 0.86)
[INFO] [1776661709.972534214] [imu_node]: IMU update #5760: orientation=(0.00, 0.00, 0.51, 0.86)
[INFO] [1776661711.170733857] [imu_node]: IMU update #5780: orientation=(-0.00, 0.00, 0.51, 0.86)
[INFO] [1776661712.443031665] [imu_node]: IMU update #5800: orientation=(0.00, 0.00, 0.51, 0.86)
[INFO] [1776661713.552934136] [imu_node]: IMU update #5820: orientation=(0.00, 0.00, 0.51, 0.86)
[INFO] [1776661714.940657979] [imu_node]: IMU update #5840: orientation=(0.00, 0.00, 0.51, 0.86)
[INFO] [1776661716.020416582] [imu_node]: IMU update #5860: orientation=(0.00, 0.00, 0.51, 0.86)
[INFO] [1776661717.193537003] [imu_node]: IMU update #5880: orientation=(0.00, 0.00, 0.51, 0.86)
[INFO] [1776661718.591625803] [imu_node]: IMU update #5900: orientation=(0.00, 0.00, 0.51, 0.86)
[INFO] [1776661719.908087896] [imu_node]: IMU update #5920: orientation=(0.00, 0.00, 0.51, 0.86)
[INFO] [1776661721.134176040] [imu_node]: IMU update #5940: orientation=(0.00, 0.00, 0.51, 0.86)
[INFO] [1776661722.240608870] [imu_node]: IMU update #5960: orientation=(0.00, 0.00, 0.51, 0.86)
[INFO] [1776661723.245296045] [imu_node]: IMU update #5980: orientation=(0.00, 0.00, 0.51, 0.86)
[INFO] [1776661724.514775658] [imu_node]: IMU update #6000: orientation=(-0.00, 0.00, 0.51, 0.86)
[INFO] [1776661725.776638705] [imu_node]: IMU update #6020: orientation=(-0.00, 0.00, 0.51, 0.86)
[INFO] [1776661726.961534806] [imu_node]: IMU update #6040: orientation=(0.00, 0.00, 0.51, 0.86)
[INFO] [1776661728.116728097] [imu_node]: IMU update #6060: orientation=(0.00, 0.00, 0.51, 0.86)
[INFO] [1776661729.292740227] [imu_node]: IMU update #6080: orientation=(-0.00, 0.00, 0.51, 0.86)
[INFO] [1776661730.393500612] [imu_node]: IMU update #6100: orientation=(0.00, 0.00, 0.51, 0.86)
[INFO] [1776661731.496467496] [imu_node]: IMU update #6120: orientation=(0.00, 0.00, 0.51, 0.86)
[INFO] [1776661732.676926398] [imu_node]: IMU update #6140: orientation=(-0.00, 0.00, 0.51, 0.86)
[INFO] [1776661733.876024036] [imu_node]: IMU update #6160: orientation=(0.00, 0.00, 0.51, 0.86)
[INFO] [1776661734.940091139] [imu_node]: IMU update #6180: orientation=(-0.00, 0.00, 0.51, 0.86)
[INFO] [1776661736.256491635] [imu_node]: IMU update #6200: orientation=(-0.00, 0.00, 0.51, 0.86)
[INFO] [1776661737.511572937] [imu_node]: IMU update #6220: orientation=(0.00, 0.00, 0.51, 0.86)
[INFO] [1776661738.525470990] [imu_node]: IMU update #6240: orientation=(-0.00, 0.00, 0.51, 0.86)
[INFO] [1776661739.906713789] [imu_node]: IMU update #6260: orientation=(-0.00, 0.00, 0.51, 0.86)
[INFO] [1776661741.149403030] [imu_node]: IMU update #6280: orientation=(-0.00, 0.00, 0.51, 0.86)
[INFO] [1776661742.310428938] [imu_node]: IMU update #6300: orientation=(0.00, 0.00, 0.51, 0.86)
[INFO] [1776661743.263163923] [imu_node]: IMU update #6320: orientation=(0.00, 0.00, 0.51, 0.86)
[INFO] [1776661744.755422620] [imu_node]: IMU update #6340: orientation=(-0.00, 0.00, 0.51, 0.86)
[INFO] [1776661746.131268513] [imu_node]: IMU update #6360: orientation=(-0.00, 0.00, 0.51, 0.86)
[INFO] [1776661748.100535857] [imu_node]: IMU update #6380: orientation=(-0.00, 0.00, 0.51, 0.86)
[INFO] [1776661750.091733861] [imu_node]: IMU update #6400: orientation=(-0.00, 0.00, 0.51, 0.86)
[INFO] [1776661751.388295918] [imu_node]: IMU update #6420: orientation=(0.00, 0.00, 0.51, 0.86)
[INFO] [1776661753.569576854] [imu_node]: IMU update #6440: orientation=(0.00, 0.00, 0.51, 0.86)
[INFO] [1776661764.765172306] [imu_node]: IMU update #6460: orientation=(0.00, 0.00, 0.51, 0.86)
[INFO] [1776661768.316695705] [imu_node]: IMU update #6480: orientation=(-0.00, 0.00, 0.51, 0.86)
[INFO] [1776661770.166485207] [imu_node]: IMU update #6500: orientation=(-0.00, 0.00, 0.51, 0.86)
[INFO] [1776661772.114636086] [imu_node]: IMU update #6520: orientation=(-0.00, 0.00, 0.51, 0.86)
[INFO] [1776661774.527791463] [imu_node]: IMU update #6540: orientation=(-0.00, 0.00, 0.51, 0.86)
[INFO] [1776661776.909469365] [imu_node]: IMU update #6560: orientation=(0.00, 0.00, 0.51, 0.86)
[INFO] [1776661779.421528996] [imu_node]: IMU update #6580: orientation=(0.00, 0.00, 0.51, 0.86)
[INFO] [1776661781.708066124] [imu_node]: IMU update #6600: orientation=(-0.00, 0.00, 0.51, 0.86)
[INFO] [1776661783.182034732] [imu_node]: IMU update #6620: orientation=(-0.00, 0.00, 0.51, 0.86)
[INFO] [1776661785.094667831] [imu_node]: IMU update #6640: orientation=(-0.00, 0.00, 0.51, 0.86)
[INFO] [1776661786.873470369] [imu_node]: IMU update #6660: orientation=(-0.00, 0.00, 0.51, 0.86)
[INFO] [1776661789.196789443] [imu_node]: IMU update #6680: orientation=(0.00, 0.00, 0.51, 0.86)
[INFO] [1776661791.113492999] [imu_node]: IMU update #6700: orientation=(-0.00, 0.00, 0.51, 0.86)
[INFO] [1776661793.072269171] [imu_node]: IMU update #6720: orientation=(-0.00, 0.00, 0.51, 0.86)
[INFO] [1776661795.603988481] [imu_node]: IMU update #6740: orientation=(-0.00, 0.00, 0.51, 0.86)
[INFO] [1776661797.360388903] [imu_node]: IMU update #6760: orientation=(-0.00, 0.00, 0.51, 0.86)
[INFO] [1776661799.262911463] [imu_node]: IMU update #6780: orientation=(-0.00, 0.00, 0.51, 0.86)
[INFO] [1776661801.135110553] [imu_node]: IMU update #6800: orientation=(-0.00, 0.00, 0.51, 0.86)
[INFO] [1776661802.863900047] [imu_node]: IMU update #6820: orientation=(-0.00, 0.00, 0.51, 0.86)
[INFO] [1776661805.157854482] [imu_node]: IMU update #6840: orientation=(-0.00, 0.00, 0.51, 0.86)
[INFO] [1776661806.951020839] [imu_node]: IMU update #6860: orientation=(-0.00, 0.00, 0.51, 0.86)
[INFO] [1776661809.027159527] [imu_node]: IMU update #6880: orientation=(-0.00, 0.00, 0.51, 0.86)
[INFO] [1776661811.391693121] [imu_node]: IMU update #6900: orientation=(-0.00, 0.00, 0.51, 0.86)
[INFO] [1776661813.786647258] [imu_node]: IMU update #6920: orientation=(-0.00, 0.00, 0.51, 0.86)
[INFO] [1776661816.037832972] [imu_node]: IMU update #6940: orientation=(0.00, 0.00, 0.51, 0.86)
[INFO] [1776661818.052821938] [imu_node]: IMU update #6960: orientation=(0.00, 0.00, 0.51, 0.86)
[INFO] [1776661819.739884293] [imu_node]: IMU update #6980: orientation=(-0.00, 0.00, 0.51, 0.86)
[INFO] [1776661821.422283946] [imu_node]: IMU update #7000: orientation=(-0.00, 0.00, 0.51, 0.86)
[INFO] [1776661823.868895799] [imu_node]: IMU update #7020: orientation=(0.00, 0.00, 0.51, 0.86)
[INFO] [1776661826.074945262] [imu_node]: IMU update #7040: orientation=(-0.00, 0.00, 0.51, 0.86)
[INFO] [1776661828.295246196] [imu_node]: IMU update #7060: orientation=(-0.00, 0.00, 0.51, 0.86)
[INFO] [1776661830.625932562] [imu_node]: IMU update #7080: orientation=(-0.00, 0.00, 0.51, 0.86)
[INFO] [1776661832.630385385] [imu_node]: IMU update #7100: orientation=(-0.00, 0.00, 0.51, 0.86)
[INFO] [1776661834.517569028] [imu_node]: IMU update #7120: orientation=(0.00, 0.00, 0.51, 0.86)
[INFO] [1776661836.192934216] [imu_node]: IMU update #7140: orientation=(-0.00, 0.00, 0.51, 0.86)
[INFO] [1776661837.924826400] [imu_node]: IMU update #7160: orientation=(-0.00, 0.00, 0.51, 0.86)
[INFO] [1776661839.688131912] [imu_node]: IMU update #7180: orientation=(-0.00, 0.00, 0.51, 0.86)
[INFO] [1776661841.423562008] [imu_node]: IMU update #7200: orientation=(-0.00, 0.00, 0.51, 0.86)
[INFO] [1776661843.092760769] [imu_node]: IMU update #7220: orientation=(0.00, 0.00, 0.51, 0.86)
[INFO] [1776661845.454468592] [imu_node]: IMU update #7240: orientation=(0.00, 0.00, 0.51, 0.86)
[INFO] [1776661847.096008579] [imu_node]: IMU update #7260: orientation=(0.00, 0.00, 0.51, 0.86)
[INFO] [1776661848.327662184] [imu_node]: IMU update #7280: orientation=(0.00, 0.00, 0.51, 0.86)
[INFO] [1776661849.505198082] [imu_node]: IMU update #7300: orientation=(0.00, 0.00, 0.51, 0.86)
[INFO] [1776661851.523659215] [imu_node]: IMU update #7320: orientation=(-0.00, 0.00, 0.51, 0.86)
[INFO] [1776661853.014962392] [imu_node]: IMU update #7340: orientation=(-0.00, 0.00, 0.51, 0.86)
[INFO] [1776661854.325101516] [imu_node]: IMU update #7360: orientation=(-0.00, 0.00, 0.51, 0.86)
[INFO] [1776661855.369792524] [imu_node]: IMU update #7380: orientation=(-0.00, 0.00, 0.51, 0.86)
[INFO] [1776661856.631138515] [imu_node]: IMU update #7400: orientation=(0.00, 0.00, 0.51, 0.86)
[INFO] [1776661857.789514302] [imu_node]: IMU update #7420: orientation=(-0.00, 0.00, 0.51, 0.86)
[INFO] [1776661859.330170907] [imu_node]: IMU update #7440: orientation=(0.00, 0.00, 0.51, 0.86)
[INFO] [1776661860.623540474] [imu_node]: IMU update #7460: orientation=(-0.00, 0.00, 0.51, 0.86)
[INFO] [1776661861.984894880] [imu_node]: IMU update #7480: orientation=(-0.00, 0.00, 0.51, 0.86)
[INFO] [1776661863.152700991] [imu_node]: IMU update #7500: orientation=(-0.00, 0.00, 0.51, 0.86)
[INFO] [1776661864.505073800] [imu_node]: IMU update #7520: orientation=(-0.00, 0.00, 0.51, 0.86)
[INFO] [1776661865.583151593] [imu_node]: IMU update #7540: orientation=(0.00, 0.00, 0.51, 0.86)
[INFO] [1776661866.808591391] [imu_node]: IMU update #7560: orientation=(0.00, 0.00, 0.51, 0.86)
[INFO] [1776661867.873416493] [imu_node]: IMU update #7580: orientation=(0.00, 0.00, 0.51, 0.86)
[INFO] [1776661869.297126505] [imu_node]: IMU update #7600: orientation=(0.00, 0.00, 0.51, 0.86)
[INFO] [1776661871.044957073] [imu_node]: IMU update #7620: orientation=(0.00, 0.00, 0.51, 0.86)
[INFO] [1776661872.245870298] [imu_node]: IMU update #7640: orientation=(-0.00, 0.00, 0.51, 0.86)
[INFO] [1776661874.358442044] [imu_node]: IMU update #7660: orientation=(0.00, 0.00, 0.51, 0.86)
[INFO] [1776661876.095825413] [imu_node]: IMU update #7680: orientation=(-0.00, 0.00, 0.51, 0.86)
[INFO] [1776661881.559922494] [imu_node]: IMU update #7700: orientation=(0.00, 0.00, 0.51, 0.86)
[INFO] [1776661890.362204063] [imu_node]: IMU update #7720: orientation=(0.00, 0.00, 0.51, 0.86)
[INFO] [1776661894.625685910] [imu_node]: IMU update #7740: orientation=(-0.00, 0.00, 0.51, 0.86)
[INFO] [1776661897.530481552] [imu_node]: IMU update #7760: orientation=(-0.00, 0.00, 0.51, 0.86)
[INFO] [1776661899.826285028] [imu_node]: IMU update #7780: orientation=(-0.00, 0.00, 0.51, 0.86)
[INFO] [1776661901.675266445] [imu_node]: IMU update #7800: orientation=(0.00, 0.00, 0.51, 0.86)
[INFO] [1776661903.543076868] [imu_node]: IMU update #7820: orientation=(0.00, 0.00, 0.51, 0.86)
[INFO] [1776661905.572435911] [imu_node]: IMU update #7840: orientation=(-0.00, 0.00, 0.51, 0.86)
[INFO] [1776661907.993408468] [imu_node]: IMU update #7860: orientation=(-0.00, 0.00, 0.51, 0.86)
[INFO] [1776661909.847412230] [imu_node]: IMU update #7880: orientation=(-0.00, 0.00, 0.51, 0.86)
[INFO] [1776661911.304551433] [imu_node]: IMU update #7900: orientation=(-0.00, 0.00, 0.51, 0.86)
[INFO] [1776661912.865049236] [imu_node]: IMU update #7920: orientation=(-0.00, 0.00, 0.51, 0.86)
[INFO] [1776661914.339429270] [imu_node]: IMU update #7940: orientation=(-0.00, 0.00, 0.51, 0.86)
[INFO] [1776661916.650239145] [imu_node]: IMU update #7960: orientation=(-0.00, 0.00, 0.51, 0.86)
[INFO] [1776661918.757549833] [imu_node]: IMU update #7980: orientation=(-0.00, 0.00, 0.51, 0.86)
[INFO] [1776661920.691261735] [imu_node]: IMU update #8000: orientation=(-0.00, 0.00, 0.51, 0.86)
[INFO] [1776661922.272857272] [imu_node]: IMU update #8020: orientation=(-0.00, 0.00, 0.51, 0.86)
[INFO] [1776661923.652372581] [imu_node]: IMU update #8040: orientation=(-0.00, 0.00, 0.51, 0.86)
[INFO] [1776661925.433484063] [imu_node]: IMU update #8060: orientation=(-0.00, 0.00, 0.51, 0.86)
[INFO] [1776661927.490542076] [imu_node]: IMU update #8080: orientation=(-0.00, 0.00, 0.51, 0.86)
[INFO] [1776661929.150226775] [imu_node]: IMU update #8100: orientation=(-0.00, 0.00, 0.49, 0.87)
[INFO] [1776661930.815387720] [imu_node]: IMU update #8120: orientation=(-0.00, -0.00, 0.49, 0.87)
[INFO] [1776661933.095379597] [imu_node]: IMU update #8140: orientation=(-0.00, 0.00, 0.50, 0.86)
[INFO] [1776661935.281689825] [imu_node]: IMU update #8160: orientation=(-0.00, 0.00, 0.49, 0.87)
[INFO] [1776661937.585508918] [imu_node]: IMU update #8180: orientation=(-0.00, -0.00, 0.47, 0.88)
[INFO] [1776661939.533961626] [imu_node]: IMU update #8200: orientation=(-0.00, 0.00, 0.47, 0.88)
[INFO] [1776661941.423810184] [imu_node]: IMU update #8220: orientation=(-0.00, -0.00, 0.47, 0.88)
[INFO] [1776661943.139947402] [imu_node]: IMU update #8240: orientation=(-0.00, -0.00, 0.47, 0.88)
[INFO] [1776661944.960089147] [imu_node]: IMU update #8260: orientation=(0.00, 0.00, 0.47, 0.88)
[INFO] [1776661947.025399733] [imu_node]: IMU update #8280: orientation=(0.00, -0.00, 0.47, 0.88)
[INFO] [1776661949.101697964] [imu_node]: IMU update #8300: orientation=(-0.01, -0.00, 0.47, 0.88)
[INFO] [1776661951.142738614] [imu_node]: IMU update #8320: orientation=(-0.01, -0.01, 0.47, 0.88)
[INFO] [1776661953.238858186] [imu_node]: IMU update #8340: orientation=(-0.01, -0.01, 0.47, 0.88)
[INFO] [1776661955.027486924] [imu_node]: IMU update #8360: orientation=(-0.01, -0.01, 0.47, 0.88)
[INFO] [1776661957.342460138] [imu_node]: IMU update #8380: orientation=(-0.01, -0.01, 0.47, 0.88)
[INFO] [1776661958.993904587] [imu_node]: IMU update #8400: orientation=(-0.01, -0.01, 0.47, 0.88)
[INFO] [1776661960.762847281] [imu_node]: IMU update #8420: orientation=(-0.01, -0.01, 0.47, 0.88)
[INFO] [1776661962.869621566] [imu_node]: IMU update #8440: orientation=(-0.01, -0.01, 0.47, 0.88)
[INFO] [1776661965.200119018] [imu_node]: IMU update #8460: orientation=(-0.01, -0.01, 0.47, 0.88)
[INFO] [1776661967.316608657] [imu_node]: IMU update #8480: orientation=(-0.01, -0.01, 0.47, 0.88)
[INFO] [1776661969.330968504] [imu_node]: IMU update #8500: orientation=(-0.01, -0.01, 0.47, 0.88)
[INFO] [1776661971.257960458] [imu_node]: IMU update #8520: orientation=(-0.01, -0.01, 0.47, 0.88)
[INFO] [1776661972.924659403] [imu_node]: IMU update #8540: orientation=(-0.01, -0.01, 0.47, 0.88)
[INFO] [1776661974.581803168] [imu_node]: IMU update #8560: orientation=(-0.01, -0.01, 0.47, 0.88)
[INFO] [1776661976.367815218] [imu_node]: IMU update #8580: orientation=(-0.01, -0.01, 0.47, 0.88)
[INFO] [1776661978.103770300] [imu_node]: IMU update #8600: orientation=(-0.01, -0.01, 0.47, 0.88)
[INFO] [1776661980.493486749] [imu_node]: IMU update #8620: orientation=(-0.01, -0.01, 0.47, 0.88)
[INFO] [1776661982.499946542] [imu_node]: IMU update #8640: orientation=(-0.01, -0.01, 0.47, 0.88)
[INFO] [1776661984.561872417] [imu_node]: IMU update #8660: orientation=(0.00, 0.00, 0.48, 0.88)
[INFO] [1776661986.475441609] [imu_node]: IMU update #8680: orientation=(0.00, 0.00, 0.52, 0.85)
[INFO] [1776661989.056948895] [imu_node]: IMU update #8700: orientation=(0.00, 0.00, 0.54, 0.84)
[INFO] [1776661991.006404712] [imu_node]: IMU update #8720: orientation=(-0.00, 0.00, 0.54, 0.84)
[INFO] [1776661994.247427499] [imu_node]: IMU update #8740: orientation=(-0.00, 0.00, 0.54, 0.84)
[INFO] [1776661996.276774258] [imu_node]: IMU update #8760: orientation=(0.00, 0.00, 0.59, 0.80)
[INFO] [1776661999.327394828] [imu_node]: IMU update #8780: orientation=(-0.00, -0.00, 0.68, 0.73)
[INFO] [1776662001.852468471] [imu_node]: IMU update #8800: orientation=(0.00, 0.00, 0.75, 0.66)
[INFO] [1776662004.096701440] [imu_node]: IMU update #8820: orientation=(0.00, -0.00, 0.76, 0.65)
[INFO] [1776662005.920693224] [imu_node]: IMU update #8840: orientation=(-0.00, 0.00, 0.76, 0.65)
[INFO] [1776662008.173271547] [imu_node]: IMU update #8860: orientation=(-0.00, 0.00, 0.76, 0.65)
[INFO] [1776662011.036241563] [imu_node]: IMU update #8880: orientation=(-0.00, -0.00, 0.76, 0.65)
[INFO] [1776662012.972140563] [imu_node]: IMU update #8900: orientation=(-0.00, 0.00, 0.76, 0.65)
[INFO] [1776662016.361300111] [imu_node]: IMU update #8920: orientation=(0.00, -0.00, 0.77, 0.64)
[INFO] [1776662018.681161445] [imu_node]: IMU update #8940: orientation=(-0.00, -0.00, 0.77, 0.64)
[INFO] [1776662021.339882511] [imu_node]: IMU update #8960: orientation=(0.00, -0.00, 0.77, 0.64)
[INFO] [1776662023.804899607] [imu_node]: IMU update #8980: orientation=(-0.00, -0.00, 0.77, 0.64)
[INFO] [1776662025.810449022] [imu_node]: IMU update #9000: orientation=(0.00, 0.00, 0.77, 0.64)
[INFO] [1776662028.534340909] [imu_node]: IMU update #9020: orientation=(-0.00, -0.00, 0.77, 0.64)
[INFO] [1776662030.227170594] [imu_node]: IMU update #9040: orientation=(-0.00, -0.00, 0.77, 0.64)
[INFO] [1776662032.209393820] [imu_node]: IMU update #9060: orientation=(-0.00, -0.00, 0.80, 0.60)
[INFO] [1776662033.983927198] [imu_node]: IMU update #9080: orientation=(-0.00, -0.00, 0.82, 0.58)
[INFO] [1776662036.922758135] [imu_node]: IMU update #9100: orientation=(-0.00, 0.00, 0.82, 0.58)
[INFO] [1776662039.190359484] [imu_node]: IMU update #9120: orientation=(0.00, -0.00, 0.82, 0.58)
[INFO] [1776662041.474143135] [imu_node]: IMU update #9140: orientation=(0.00, -0.00, 0.82, 0.58)
[INFO] [1776662043.555451177] [imu_node]: IMU update #9160: orientation=(0.00, 0.00, 0.82, 0.58)
[INFO] [1776662045.929718470] [imu_node]: IMU update #9180: orientation=(-0.00, 0.00, 0.82, 0.57)
[INFO] [1776662048.959969899] [imu_node]: IMU update #9200: orientation=(0.00, -0.00, 0.84, 0.54)
[INFO] [1776662051.926267788] [imu_node]: IMU update #9220: orientation=(-0.00, -0.00, 0.85, 0.53)
[INFO] [1776662054.155978511] [imu_node]: IMU update #9240: orientation=(-0.00, -0.00, 0.85, 0.53)
[INFO] [1776662056.132082409] [imu_node]: IMU update #9260: orientation=(-0.00, -0.00, 0.85, 0.53)
[INFO] [1776662058.209055978] [imu_node]: IMU update #9280: orientation=(-0.00, 0.00, 0.85, 0.53)
[INFO] [1776662060.926038979] [imu_node]: IMU update #9300: orientation=(-0.00, 0.00, 0.85, 0.53)
[INFO] [1776662063.031645692] [imu_node]: IMU update #9320: orientation=(-0.00, -0.00, 0.85, 0.53)
[INFO] [1776662064.758414389] [imu_node]: IMU update #9340: orientation=(-0.00, -0.00, 0.85, 0.53)
[INFO] [1776662067.118008506] [imu_node]: IMU update #9360: orientation=(-0.00, 0.00, 0.85, 0.53)
[INFO] [1776662068.998664341] [imu_node]: IMU update #9380: orientation=(-0.00, 0.00, 0.86, 0.51)
[INFO] [1776662071.437875540] [imu_node]: IMU update #9400: orientation=(-0.00, 0.00, 0.87, 0.49)
[INFO] [1776662073.638831022] [imu_node]: IMU update #9420: orientation=(-0.00, 0.00, 0.87, 0.49)
[INFO] [1776662076.282543445] [imu_node]: IMU update #9440: orientation=(0.00, -0.00, 0.87, 0.49)
[INFO] [1776662079.249431789] [imu_node]: IMU update #9460: orientation=(0.00, -0.00, 0.87, 0.48)
[INFO] [1776662082.278977849] [imu_node]: IMU update #9480: orientation=(0.00, -0.00, 0.88, 0.48)
[INFO] [1776662084.830661270] [imu_node]: IMU update #9500: orientation=(0.00, -0.00, 0.88, 0.47)
[INFO] [1776662087.195492955] [imu_node]: IMU update #9520: orientation=(0.00, -0.00, 0.91, 0.42)
[INFO] [1776662089.520071490] [imu_node]: IMU update #9540: orientation=(-0.00, 0.00, 0.93, 0.36)
[INFO] [1776662091.672646637] [imu_node]: IMU update #9560: orientation=(-0.00, -0.00, 0.94, 0.34)
[INFO] [1776662094.214409354] [imu_node]: IMU update #9580: orientation=(-0.01, 0.00, 0.94, 0.34)
[INFO] [1776662096.450649794] [imu_node]: IMU update #9600: orientation=(-0.00, -0.00, 0.94, 0.34)
[INFO] [1776662098.965010684] [imu_node]: IMU update #9620: orientation=(-0.00, 0.00, 0.94, 0.34)
[INFO] [1776662102.109066800] [imu_node]: IMU update #9640: orientation=(0.00, 0.00, 0.94, 0.34)
[INFO] [1776662104.949211829] [imu_node]: IMU update #9660: orientation=(0.00, 0.00, 0.94, 0.34)
[INFO] [1776662107.440101839] [imu_node]: IMU update #9680: orientation=(0.00, 0.00, 0.94, 0.34)
[INFO] [1776662109.988489183] [imu_node]: IMU update #9700: orientation=(0.00, -0.00, 0.94, 0.34)
[INFO] [1776662111.765159728] [imu_node]: IMU update #9720: orientation=(0.00, 0.00, 0.94, 0.34)
[INFO] [1776662114.261661573] [imu_node]: IMU update #9740: orientation=(-0.00, -0.00, 0.94, 0.33)
[INFO] [1776662116.795812454] [imu_node]: IMU update #9760: orientation=(-0.00, -0.00, 0.94, 0.33)
[INFO] [1776662120.527423619] [imu_node]: IMU update #9780: orientation=(-0.00, -0.00, 0.96, 0.30)
[INFO] [1776662122.865494538] [imu_node]: IMU update #9800: orientation=(0.00, -0.00, 0.96, 0.27)
[INFO] [1776662125.131807837] [imu_node]: IMU update #9820: orientation=(0.00, -0.00, 0.96, 0.27)
[INFO] [1776662127.922576900] [imu_node]: IMU update #9840: orientation=(0.00, -0.00, 0.96, 0.30)
[INFO] [1776662130.076294236] [imu_node]: IMU update #9860: orientation=(-0.00, -0.00, 0.94, 0.33)
[INFO] [1776662132.111514180] [imu_node]: IMU update #9880: orientation=(-0.00, -0.00, 0.94, 0.34)
[INFO] [1776662134.518437751] [imu_node]: IMU update #9900: orientation=(0.00, -0.00, 0.94, 0.34)
[INFO] [1776662137.510887684] [imu_node]: IMU update #9920: orientation=(-0.00, 0.00, 0.91, 0.41)
[INFO] [1776662140.585714194] [imu_node]: IMU update #9940: orientation=(0.00, 0.00, 0.91, 0.41)
[INFO] [1776662143.257982029] [imu_node]: IMU update #9960: orientation=(-0.00, -0.00, 0.91, 0.41)
[INFO] [1776662145.743630333] [imu_node]: IMU update #9980: orientation=(0.00, 0.00, 0.90, 0.43)
[INFO] [1776662148.849352493] [imu_node]: IMU update #10000: orientation=(0.00, -0.00, 0.89, 0.46)
[INFO] [1776662151.588665031] [imu_node]: IMU update #10020: orientation=(0.00, 0.00, 0.89, 0.46)
[INFO] [1776662153.774295809] [imu_node]: IMU update #10040: orientation=(-0.00, 0.00, 0.87, 0.48)
[INFO] [1776662156.235167135] [imu_node]: IMU update #10060: orientation=(0.00, -0.00, 0.87, 0.49)
[INFO] [1776662158.879078480] [imu_node]: IMU update #10080: orientation=(-0.00, 0.00, 0.87, 0.49)
[INFO] [1776662161.284787355] [imu_node]: IMU update #10100: orientation=(-0.00, -0.00, 0.86, 0.52)
[INFO] [1776662162.929224746] [imu_node]: IMU update #10120: orientation=(0.00, -0.00, 0.86, 0.52)
[INFO] [1776662165.018472848] [imu_node]: IMU update #10140: orientation=(-0.00, -0.01, 0.86, 0.52)
[INFO] [1776662166.770528457] [imu_node]: IMU update #10160: orientation=(-0.00, -0.01, 0.85, 0.52)
[INFO] [1776662169.086319964] [imu_node]: IMU update #10180: orientation=(0.00, -0.01, 0.85, 0.52)
[INFO] [1776662170.769901265] [imu_node]: IMU update #10200: orientation=(0.00, -0.01, 0.85, 0.52)
[INFO] [1776662172.650371884] [imu_node]: IMU update #10220: orientation=(0.00, -0.00, 0.85, 0.52)
[INFO] [1776662174.655324091] [imu_node]: IMU update #10240: orientation=(0.00, -0.00, 0.85, 0.52)
[INFO] [1776662176.871978207] [imu_node]: IMU update #10260: orientation=(-0.00, -0.00, 0.85, 0.52)
[INFO] [1776662178.852430635] [imu_node]: IMU update #10280: orientation=(-0.00, -0.00, 0.86, 0.52)
[INFO] [1776662180.808200169] [imu_node]: IMU update #10300: orientation=(-0.00, 0.00, 0.86, 0.51)
[INFO] [1776662182.542986372] [imu_node]: IMU update #10320: orientation=(0.00, -0.00, 0.86, 0.51)
[INFO] [1776662184.361586550] [imu_node]: IMU update #10340: orientation=(0.00, -0.00, 0.86, 0.51)
[INFO] [1776662187.216092638] [imu_node]: IMU update #10360: orientation=(0.00, -0.00, 0.86, 0.51)
[INFO] [1776662189.418743333] [imu_node]: IMU update #10380: orientation=(0.00, -0.00, 0.86, 0.52)
[INFO] [1776662191.581317649] [imu_node]: IMU update #10400: orientation=(0.00, -0.00, 0.86, 0.52)
[INFO] [1776662194.053559902] [imu_node]: IMU update #10420: orientation=(0.00, -0.00, 0.86, 0.52)
[INFO] [1776662196.310383063] [imu_node]: IMU update #10440: orientation=(0.00, -0.00, 0.86, 0.52)
[INFO] [1776662201.132555140] [imu_node]: IMU update #10460: orientation=(0.00, -0.00, 0.86, 0.51)
[INFO] [1776662202.873618515] [imu_node]: IMU update #10480: orientation=(0.00, -0.00, 0.86, 0.51)
[INFO] [1776662205.401396342] [imu_node]: IMU update #10500: orientation=(0.00, -0.00, 0.86, 0.51)
[INFO] [1776662207.622218596] [imu_node]: IMU update #10520: orientation=(0.00, -0.00, 0.86, 0.52)
[INFO] [1776662209.803178221] [imu_node]: IMU update #10540: orientation=(-0.00, 0.00, 0.86, 0.52)
[INFO] [1776662212.445617291] [imu_node]: IMU update #10560: orientation=(0.00, -0.00, 0.86, 0.52)
[INFO] [1776662214.353213919] [imu_node]: IMU update #10580: orientation=(0.00, -0.01, 0.86, 0.51)
[INFO] [1776662216.064554796] [imu_node]: IMU update #10600: orientation=(0.00, -0.01, 0.86, 0.51)
[INFO] [1776662218.691491966] [imu_node]: IMU update #10620: orientation=(0.00, -0.01, 0.86, 0.51)
[INFO] [1776662220.016115593] [imu_node]: IMU update #10640: orientation=(0.00, -0.01, 0.86, 0.51)
[INFO] [1776662220.975785365] [imu_node]: IMU update #10660: orientation=(0.00, -0.01, 0.86, 0.51)
[INFO] [1776662222.189760943] [imu_node]: IMU update #10680: orientation=(0.00, -0.01, 0.86, 0.51)
[INFO] [1776662223.305625072] [imu_node]: IMU update #10700: orientation=(0.00, -0.01, 0.86, 0.51)
[INFO] [1776662224.731648046] [imu_node]: IMU update #10720: orientation=(0.00, -0.01, 0.86, 0.51)
[INFO] [1776662225.747774564] [imu_node]: IMU update #10740: orientation=(0.00, -0.01, 0.86, 0.51)
[INFO] [1776662226.764385337] [imu_node]: IMU update #10760: orientation=(0.00, -0.01, 0.86, 0.51)
[INFO] [1776662227.840062938] [imu_node]: IMU update #10780: orientation=(0.00, -0.01, 0.86, 0.51)
[INFO] [1776662228.898251060] [imu_node]: IMU update #10800: orientation=(0.00, -0.01, 0.86, 0.51)
[INFO] [1776662230.011594539] [imu_node]: IMU update #10820: orientation=(0.00, -0.01, 0.86, 0.51)
[INFO] [1776662231.330792240] [imu_node]: IMU update #10840: orientation=(0.00, -0.01, 0.86, 0.51)
[INFO] [1776662232.761517426] [imu_node]: IMU update #10860: orientation=(0.00, -0.01, 0.86, 0.51)
[INFO] [1776662233.828210094] [imu_node]: IMU update #10880: orientation=(0.00, -0.01, 0.86, 0.51)
[INFO] [1776662235.385483035] [imu_node]: IMU update #10900: orientation=(0.00, -0.01, 0.86, 0.52)
[INFO] [1776662236.573431491] [imu_node]: IMU update #10920: orientation=(0.00, -0.01, 0.86, 0.52)
[INFO] [1776662237.834530227] [imu_node]: IMU update #10940: orientation=(0.00, -0.01, 0.86, 0.52)
[INFO] [1776662239.195874759] [imu_node]: IMU update #10960: orientation=(0.00, -0.01, 0.86, 0.52)
[INFO] [1776662240.445283001] [imu_node]: IMU update #10980: orientation=(0.00, -0.01, 0.86, 0.52)
[INFO] [1776662241.800125764] [imu_node]: IMU update #11000: orientation=(0.00, -0.01, 0.86, 0.52)
[INFO] [1776662243.459081244] [imu_node]: IMU update #11020: orientation=(0.00, -0.01, 0.86, 0.52)
[INFO] [1776662244.899103134] [imu_node]: IMU update #11040: orientation=(0.00, -0.01, 0.86, 0.52)
[INFO] [1776662246.166964674] [imu_node]: IMU update #11060: orientation=(0.00, -0.01, 0.86, 0.52)
[INFO] [1776662247.394526717] [imu_node]: IMU update #11080: orientation=(0.00, -0.01, 0.86, 0.52)
[INFO] [1776662248.718519246] [imu_node]: IMU update #11100: orientation=(0.00, -0.01, 0.86, 0.52)
[INFO] [1776662249.888729882] [imu_node]: IMU update #11120: orientation=(0.00, -0.01, 0.86, 0.52)
[INFO] [1776662250.937083684] [imu_node]: IMU update #11140: orientation=(0.00, -0.01, 0.86, 0.52)
[INFO] [1776662252.460258740] [imu_node]: IMU update #11160: orientation=(0.00, -0.01, 0.86, 0.52)
[INFO] [1776662253.686998891] [imu_node]: IMU update #11180: orientation=(0.00, -0.01, 0.86, 0.52)
[INFO] [1776662254.791199874] [imu_node]: IMU update #11200: orientation=(0.00, -0.01, 0.86, 0.52)
[INFO] [1776662255.880163958] [imu_node]: IMU update #11220: orientation=(0.00, -0.01, 0.86, 0.52)
[INFO] [1776662257.259694757] [imu_node]: IMU update #11240: orientation=(0.00, -0.01, 0.86, 0.52)
[INFO] [1776662258.592041803] [imu_node]: IMU update #11260: orientation=(0.00, -0.01, 0.86, 0.52)
[INFO] [1776662259.846013548] [imu_node]: IMU update #11280: orientation=(0.00, -0.01, 0.86, 0.52)
[INFO] [1776662261.003109160] [imu_node]: IMU update #11300: orientation=(0.00, -0.01, 0.86, 0.52)
[INFO] [1776662262.285544289] [imu_node]: IMU update #11320: orientation=(0.00, -0.01, 0.86, 0.52)
[INFO] [1776662263.625187050] [imu_node]: IMU update #11340: orientation=(0.00, -0.01, 0.86, 0.52)
[INFO] [1776662264.852542114] [imu_node]: IMU update #11360: orientation=(0.00, -0.01, 0.86, 0.52)
[INFO] [1776662266.098381290] [imu_node]: IMU update #11380: orientation=(0.00, -0.01, 0.86, 0.52)
[INFO] [1776662267.159434907] [imu_node]: IMU update #11400: orientation=(0.00, -0.01, 0.86, 0.52)
[INFO] [1776662268.523955144] [imu_node]: IMU update #11420: orientation=(0.00, -0.01, 0.86, 0.52)
[INFO] [1776662269.967430025] [imu_node]: IMU update #11440: orientation=(0.00, -0.01, 0.86, 0.52)
[INFO] [1776662271.269109508] [imu_node]: IMU update #11460: orientation=(0.00, -0.01, 0.86, 0.52)
[INFO] [1776662322.783647952] [imu_node]: IMU update #11480: orientation=(0.00, -0.00, 0.00, 1.00)
[INFO] [1776662329.936199085] [imu_node]: IMU update #11500: orientation=(-0.00, -0.01, -0.00, 1.00)
[INFO] [1776662335.843448233] [imu_node]: IMU update #11520: orientation=(0.00, 0.00, -0.00, 1.00)
[INFO] [1776662338.607266235] [imu_node]: IMU update #11540: orientation=(0.00, 0.00, -0.00, 1.00)
[INFO] [1776662340.957448613] [imu_node]: IMU update #11560: orientation=(0.00, 0.00, -0.00, 1.00)
[INFO] [1776662343.730676044] [imu_node]: IMU update #11580: orientation=(0.00, 0.00, 0.00, 1.00)
[INFO] [1776662348.039803138] [imu_node]: IMU update #11600: orientation=(-0.00, 0.00, 0.02, 1.00)
[INFO] [1776662350.263700360] [imu_node]: IMU update #11620: orientation=(-0.00, 0.00, 0.03, 1.00)
[INFO] [1776662351.476379923] [imu_node]: IMU update #11640: orientation=(-0.00, 0.00, 0.03, 1.00)
[INFO] [1776662352.854924123] [imu_node]: IMU update #11660: orientation=(0.00, -0.00, 0.07, 1.00)
[INFO] [1776662354.221669960] [imu_node]: IMU update #11680: orientation=(-0.00, -0.00, 0.17, 0.98)
[INFO] [1776662355.556603165] [imu_node]: IMU update #11700: orientation=(0.00, -0.00, 0.18, 0.98)
[INFO] [1776662356.979589288] [imu_node]: IMU update #11720: orientation=(0.00, -0.00, 0.18, 0.98)
[INFO] [1776662358.285543528] [imu_node]: IMU update #11740: orientation=(-0.00, -0.00, 0.18, 0.98)
[INFO] [1776662359.876204350] [imu_node]: IMU update #11760: orientation=(0.00, -0.00, 0.20, 0.98)
[INFO] [1776662361.025098281] [imu_node]: IMU update #11780: orientation=(0.00, -0.00, 0.20, 0.98)
[INFO] [1776662362.509752846] [imu_node]: IMU update #11800: orientation=(0.00, -0.00, 0.20, 0.98)
[INFO] [1776662363.822577349] [imu_node]: IMU update #11820: orientation=(-0.00, -0.00, 0.21, 0.98)
[INFO] [1776662365.112354235] [imu_node]: IMU update #11840: orientation=(-0.00, -0.00, 0.21, 0.98)
[INFO] [1776662366.305612136] [imu_node]: IMU update #11860: orientation=(0.00, 0.00, 0.21, 0.98)
[INFO] [1776662367.553587277] [imu_node]: IMU update #11880: orientation=(0.00, 0.00, 0.21, 0.98)
[INFO] [1776662368.495382799] [imu_node]: IMU update #11900: orientation=(0.00, 0.00, 0.21, 0.98)
[INFO] [1776662369.885370389] [imu_node]: IMU update #11920: orientation=(-0.00, 0.00, 0.22, 0.98)
[INFO] [1776662371.168111033] [imu_node]: IMU update #11940: orientation=(-0.00, 0.00, 0.22, 0.98)
[INFO] [1776662372.243477778] [imu_node]: IMU update #11960: orientation=(0.00, 0.00, 0.22, 0.98)
[INFO] [1776662373.247438800] [imu_node]: IMU update #11980: orientation=(0.00, 0.00, 0.22, 0.98)
[INFO] [1776662374.319674492] [imu_node]: IMU update #12000: orientation=(0.00, 0.00, 0.22, 0.98)
[INFO] [1776662375.514834243] [imu_node]: IMU update #12020: orientation=(-0.00, 0.00, 0.22, 0.97)
[INFO] [1776662376.670093724] [imu_node]: IMU update #12040: orientation=(0.00, 0.00, 0.22, 0.97)
[INFO] [1776662377.858363445] [imu_node]: IMU update #12060: orientation=(0.00, 0.00, 0.22, 0.97)
[INFO] [1776662379.142694468] [imu_node]: IMU update #12080: orientation=(0.00, -0.00, 0.22, 0.97)
[INFO] [1776662380.532511405] [imu_node]: IMU update #12100: orientation=(0.00, -0.00, 0.23, 0.97)
[INFO] [1776662382.132731059] [imu_node]: IMU update #12120: orientation=(-0.00, -0.00, 0.23, 0.97)
[INFO] [1776662383.534623421] [imu_node]: IMU update #12140: orientation=(0.00, -0.00, 0.23, 0.97)
[INFO] [1776662384.817921673] [imu_node]: IMU update #12160: orientation=(0.00, -0.00, 0.23, 0.97)
[INFO] [1776662386.384938708] [imu_node]: IMU update #12180: orientation=(0.00, -0.00, 0.23, 0.97)
[INFO] [1776662387.722511324] [imu_node]: IMU update #12200: orientation=(0.00, -0.00, 0.23, 0.97)
[INFO] [1776662388.801974607] [imu_node]: IMU update #12220: orientation=(-0.00, 0.00, 0.23, 0.97)
[INFO] [1776662390.264591799] [imu_node]: IMU update #12240: orientation=(0.00, -0.00, 0.23, 0.97)
[INFO] [1776662391.763732351] [imu_node]: IMU update #12260: orientation=(-0.00, 0.00, 0.23, 0.97)
[INFO] [1776662393.092549620] [imu_node]: IMU update #12280: orientation=(0.00, 0.00, 0.23, 0.97)
[INFO] [1776662394.361616098] [imu_node]: IMU update #12300: orientation=(0.00, -0.00, 0.23, 0.97)
[INFO] [1776662395.302319717] [imu_node]: IMU update #12320: orientation=(0.00, 0.00, 0.23, 0.97)
[INFO] [1776662396.407259542] [imu_node]: IMU update #12340: orientation=(0.00, -0.00, 0.23, 0.97)
[INFO] [1776662397.568988630] [imu_node]: IMU update #12360: orientation=(0.00, -0.00, 0.24, 0.97)
[INFO] [1776662398.665580847] [imu_node]: IMU update #12380: orientation=(0.00, 0.00, 0.24, 0.97)
[INFO] [1776662399.718935613] [imu_node]: IMU update #12400: orientation=(0.00, 0.00, 0.24, 0.97)
[INFO] [1776662400.526701711] [imu_node]: IMU update #12420: orientation=(-0.00, 0.00, 0.24, 0.97)
[INFO] [1776662401.441124005] [imu_node]: IMU update #12440: orientation=(0.00, -0.00, 0.24, 0.97)
[INFO] [1776662402.783164458] [imu_node]: IMU update #12460: orientation=(-0.00, -0.00, 0.24, 0.97)
[INFO] [1776662403.935733211] [imu_node]: IMU update #12480: orientation=(0.00, 0.00, 0.24, 0.97)
[INFO] [1776662405.140163022] [imu_node]: IMU update #12500: orientation=(0.00, 0.00, 0.24, 0.97)
[INFO] [1776662406.061336938] [imu_node]: IMU update #12520: orientation=(0.00, 0.00, 0.24, 0.97)
[INFO] [1776662407.086013870] [imu_node]: IMU update #12540: orientation=(-0.00, 0.00, 0.24, 0.97)
[INFO] [1776662408.040231650] [imu_node]: IMU update #12560: orientation=(0.00, 0.00, 0.24, 0.97)
[INFO] [1776662409.147543693] [imu_node]: IMU update #12580: orientation=(0.00, 0.00, 0.24, 0.97)
[INFO] [1776662410.051315326] [imu_node]: IMU update #12600: orientation=(0.00, -0.00, 0.24, 0.97)
[INFO] [1776662410.997412314] [imu_node]: IMU update #12620: orientation=(0.00, 0.00, 0.24, 0.97)
[INFO] [1776662411.926060325] [imu_node]: IMU update #12640: orientation=(0.00, 0.00, 0.24, 0.97)
[INFO] [1776662412.749231790] [imu_node]: IMU update #12660: orientation=(0.00, -0.00, 0.24, 0.97)
[INFO] [1776662413.707807077] [imu_node]: IMU update #12680: orientation=(0.00, 0.00, 0.24, 0.97)
[INFO] [1776662414.554758353] [imu_node]: IMU update #12700: orientation=(0.00, 0.00, 0.24, 0.97)
[INFO] [1776662415.420216975] [imu_node]: IMU update #12720: orientation=(-0.00, -0.00, 0.25, 0.97)
[INFO] [1776662416.444733031] [imu_node]: IMU update #12740: orientation=(0.00, 0.00, 0.25, 0.97)
[INFO] [1776662417.450547502] [imu_node]: IMU update #12760: orientation=(0.00, 0.00, 0.25, 0.97)
[INFO] [1776662418.550049067] [imu_node]: IMU update #12780: orientation=(0.00, -0.00, 0.25, 0.97)
[INFO] [1776662419.297431958] [imu_node]: IMU update #12800: orientation=(-0.00, 0.00, 0.25, 0.97)
[INFO] [1776662420.377504342] [imu_node]: IMU update #12820: orientation=(-0.00, -0.00, 0.25, 0.97)
[INFO] [1776662421.380007131] [imu_node]: IMU update #12840: orientation=(0.00, -0.00, 0.25, 0.97)
[INFO] [1776662422.589608429] [imu_node]: IMU update #12860: orientation=(0.00, 0.00, 0.25, 0.97)
[INFO] [1776662449.013963589] [imu_node]: IMU update #12880: orientation=(0.00, -0.03, 0.00, 1.00)
[INFO] [1776662460.812901582] [imu_node]: IMU update #12900: orientation=(0.00, 0.02, -0.00, 1.00)
[INFO] [1776662467.032289106] [imu_node]: IMU update #12920: orientation=(0.00, 0.00, -0.00, 1.00)
[INFO] [1776662470.062193496] [imu_node]: IMU update #12940: orientation=(-0.00, 0.00, -0.00, 1.00)
[INFO] [1776662472.825664304] [imu_node]: IMU update #12960: orientation=(0.00, 0.00, -0.00, 1.00)
[INFO] [1776662475.385542433] [imu_node]: IMU update #12980: orientation=(-0.00, 0.00, -0.00, 1.00)
[INFO] [1776662477.876765842] [imu_node]: IMU update #13000: orientation=(-0.00, 0.00, -0.00, 1.00)
[INFO] [1776662480.462270763] [imu_node]: IMU update #13020: orientation=(0.00, 0.00, -0.00, 1.00)
[INFO] [1776662483.462091138] [imu_node]: IMU update #13040: orientation=(-0.00, -0.00, -0.00, 1.00)
[INFO] [1776662485.543110648] [imu_node]: IMU update #13060: orientation=(0.00, 0.00, -0.00, 1.00)
[INFO] [1776662488.053053581] [imu_node]: IMU update #13080: orientation=(-0.00, 0.00, -0.00, 1.00)
[INFO] [1776662490.180346946] [imu_node]: IMU update #13100: orientation=(-0.00, 0.00, 0.00, 1.00)
[INFO] [1776662492.122568348] [imu_node]: IMU update #13120: orientation=(-0.00, 0.00, 0.00, 1.00)
[INFO] [1776662494.573009236] [imu_node]: IMU update #13140: orientation=(-0.00, -0.00, 0.00, 1.00)
[INFO] [1776662497.114029814] [imu_node]: IMU update #13160: orientation=(-0.00, 0.00, 0.00, 1.00)
[INFO] [1776662499.323436310] [imu_node]: IMU update #13180: orientation=(0.00, 0.00, 0.00, 1.00)
[INFO] [1776662502.275552761] [imu_node]: IMU update #13200: orientation=(0.00, -0.00, 0.00, 1.00)
[INFO] [1776662504.811102452] [imu_node]: IMU update #13220: orientation=(-0.00, -0.00, -0.00, 1.00)
[INFO] [1776662506.744693400] [imu_node]: IMU update #13240: orientation=(-0.00, 0.00, -0.00, 1.00)
[INFO] [1776662508.959917095] [imu_node]: IMU update #13260: orientation=(-0.00, 0.00, -0.00, 1.00)
[INFO] [1776662511.146072780] [imu_node]: IMU update #13280: orientation=(0.00, 0.00, -0.00, 1.00)
[INFO] [1776662513.996931814] [imu_node]: IMU update #13300: orientation=(0.00, 0.00, -0.00, 1.00)
[INFO] [1776662515.895902405] [imu_node]: IMU update #13320: orientation=(0.00, 0.00, -0.00, 1.00)
[INFO] [1776662518.547742808] [imu_node]: IMU update #13340: orientation=(0.00, -0.00, 0.00, 1.00)
[INFO] [1776662521.170403429] [imu_node]: IMU update #13360: orientation=(0.00, -0.00, 0.00, 1.00)
[INFO] [1776662523.622195087] [imu_node]: IMU update #13380: orientation=(0.00, -0.00, 0.00, 1.00)
[INFO] [1776662526.398358271] [imu_node]: IMU update #13400: orientation=(0.00, 0.00, -0.00, 1.00)
[INFO] [1776662528.596690829] [imu_node]: IMU update #13420: orientation=(0.00, -0.00, 0.00, 1.00)
[INFO] [1776662530.468516645] [imu_node]: IMU update #13440: orientation=(0.00, 0.00, 0.00, 1.00)
[INFO] [1776662532.442042429] [imu_node]: IMU update #13460: orientation=(-0.00, 0.00, 0.00, 1.00)
[INFO] [1776662534.932157012] [imu_node]: IMU update #13480: orientation=(0.00, 0.00, 0.00, 1.00)
[INFO] [1776662536.549238780] [imu_node]: IMU update #13500: orientation=(0.00, 0.00, -0.00, 1.00)
[INFO] [1776662538.498312261] [imu_node]: IMU update #13520: orientation=(-0.00, 0.00, -0.00, 1.00)
[INFO] [1776662540.544978325] [imu_node]: IMU update #13540: orientation=(0.00, -0.00, -0.00, 1.00)
[INFO] [1776662542.708709878] [imu_node]: IMU update #13560: orientation=(-0.00, -0.00, -0.00, 1.00)
[INFO] [1776662544.730519859] [imu_node]: IMU update #13580: orientation=(-0.00, 0.00, -0.00, 1.00)
[INFO] [1776662546.942461793] [imu_node]: IMU update #13600: orientation=(0.00, -0.00, -0.00, 1.00)
[INFO] [1776662548.790694088] [imu_node]: IMU update #13620: orientation=(-0.00, 0.00, -0.01, 1.00)
[INFO] [1776662550.842940232] [imu_node]: IMU update #13640: orientation=(0.00, 0.00, -0.01, 1.00)
[INFO] [1776662552.648336963] [imu_node]: IMU update #13660: orientation=(-0.00, 0.00, -0.01, 1.00)
[INFO] [1776662554.492325572] [imu_node]: IMU update #13680: orientation=(0.00, 0.00, -0.01, 1.00)
[INFO] [1776662556.091274213] [imu_node]: IMU update #13700: orientation=(-0.00, -0.00, -0.01, 1.00)
[INFO] [1776662557.881119210] [imu_node]: IMU update #13720: orientation=(0.00, -0.00, -0.01, 1.00)
[INFO] [1776662559.709575155] [imu_node]: IMU update #13740: orientation=(-0.00, -0.00, -0.01, 1.00)
[INFO] [1776662561.348078696] [imu_node]: IMU update #13760: orientation=(-0.00, -0.00, -0.01, 1.00)
[INFO] [1776662563.222032613] [imu_node]: IMU update #13780: orientation=(-0.00, 0.00, -0.01, 1.00)
[INFO] [1776662565.113550986] [imu_node]: IMU update #13800: orientation=(-0.00, -0.00, -0.01, 1.00)
[INFO] [1776662567.463217440] [imu_node]: IMU update #13820: orientation=(-0.00, -0.00, -0.01, 1.00)
[INFO] [1776662569.105995862] [imu_node]: IMU update #13840: orientation=(0.00, -0.00, -0.01, 1.00)
[INFO] [1776662571.234982767] [imu_node]: IMU update #13860: orientation=(0.00, -0.00, -0.01, 1.00)
[INFO] [1776662573.509042242] [imu_node]: IMU update #13880: orientation=(-0.00, -0.00, -0.02, 1.00)
[INFO] [1776662574.920230627] [imu_node]: IMU update #13900: orientation=(-0.00, 0.00, -0.04, 1.00)
[INFO] [1776662576.463267786] [imu_node]: IMU update #13920: orientation=(-0.00, -0.00, -0.03, 1.00)
[INFO] [1776662578.333020863] [imu_node]: IMU update #13940: orientation=(-0.00, -0.00, -0.03, 1.00)
[INFO] [1776662579.925935915] [imu_node]: IMU update #13960: orientation=(-0.00, -0.00, -0.03, 1.00)
[INFO] [1776662582.607961390] [imu_node]: IMU update #13980: orientation=(0.00, -0.00, -0.03, 1.00)
[INFO] [1776662584.583453281] [imu_node]: IMU update #14000: orientation=(-0.00, -0.00, -0.03, 1.00)
[INFO] [1776662586.177672248] [imu_node]: IMU update #14020: orientation=(-0.00, -0.00, -0.02, 1.00)
[INFO] [1776662588.021963821] [imu_node]: IMU update #14040: orientation=(0.00, 0.00, -0.01, 1.00)
[INFO] [1776662589.769905636] [imu_node]: IMU update #14060: orientation=(0.00, -0.00, -0.01, 1.00)
[INFO] [1776662591.922869591] [imu_node]: IMU update #14080: orientation=(0.00, 0.00, -0.01, 1.00)
[INFO] [1776662593.661261725] [imu_node]: IMU update #14100: orientation=(-0.00, -0.00, -0.01, 1.00)
[INFO] [1776662595.465590564] [imu_node]: IMU update #14120: orientation=(-0.00, -0.00, -0.01, 1.00)
[INFO] [1776662597.811899238] [imu_node]: IMU update #14140: orientation=(0.00, -0.00, -0.01, 1.00)
[INFO] [1776662599.913913146] [imu_node]: IMU update #14160: orientation=(-0.00, -0.00, -0.02, 1.00)
[INFO] [1776662602.611966229] [imu_node]: IMU update #14180: orientation=(0.00, -0.00, -0.02, 1.00)
[INFO] [1776662604.441531464] [imu_node]: IMU update #14200: orientation=(0.00, -0.00, -0.02, 1.00)
[INFO] [1776662606.112960249] [imu_node]: IMU update #14220: orientation=(0.00, -0.00, -0.02, 1.00)
[INFO] [1776662608.294643157] [imu_node]: IMU update #14240: orientation=(0.00, 0.00, -0.02, 1.00)
[INFO] [1776662610.638351379] [imu_node]: IMU update #14260: orientation=(-0.00, 0.00, -0.02, 1.00)
[INFO] [1776662612.287041920] [imu_node]: IMU update #14280: orientation=(-0.00, 0.00, -0.02, 1.00)
[INFO] [1776662614.362646204] [imu_node]: IMU update #14300: orientation=(0.00, 0.00, -0.02, 1.00)
[INFO] [1776662615.766916390] [imu_node]: IMU update #14320: orientation=(-0.00, -0.00, -0.02, 1.00)
[INFO] [1776662617.852358205] [imu_node]: IMU update #14340: orientation=(0.00, 0.00, -0.02, 1.00)
[INFO] [1776662619.225602279] [imu_node]: IMU update #14360: orientation=(-0.00, 0.00, -0.03, 1.00)
[INFO] [1776662620.870165159] [imu_node]: IMU update #14380: orientation=(0.00, -0.00, -0.01, 1.00)
[INFO] [1776662623.074381727] [imu_node]: IMU update #14400: orientation=(-0.00, -0.00, -0.01, 1.00)
[INFO] [1776662625.050835329] [imu_node]: IMU update #14420: orientation=(0.00, -0.00, -0.01, 1.00)
[INFO] [1776662626.893971018] [imu_node]: IMU update #14440: orientation=(0.00, -0.00, -0.01, 1.00)
[INFO] [1776662629.209611543] [imu_node]: IMU update #14460: orientation=(-0.00, 0.00, -0.01, 1.00)
[INFO] [1776662630.910507571] [imu_node]: IMU update #14480: orientation=(0.00, 0.00, -0.01, 1.00)
[INFO] [1776662632.734677123] [imu_node]: IMU update #14500: orientation=(0.00, 0.00, -0.01, 1.00)
[INFO] [1776662634.626982125] [imu_node]: IMU update #14520: orientation=(0.00, 0.00, -0.01, 1.00)
[INFO] [1776662636.645067680] [imu_node]: IMU update #14540: orientation=(0.00, 0.00, -0.01, 1.00)
[INFO] [1776662639.025770546] [imu_node]: IMU update #14560: orientation=(-0.00, 0.00, -0.01, 1.00)
[INFO] [1776662641.261121362] [imu_node]: IMU update #14580: orientation=(-0.00, 0.00, -0.01, 1.00)
[INFO] [1776662643.761533871] [imu_node]: IMU update #14600: orientation=(0.00, -0.00, -0.01, 1.00)
[INFO] [1776662646.201846566] [imu_node]: IMU update #14620: orientation=(-0.00, 0.00, -0.01, 1.00)
[INFO] [1776662648.211896785] [imu_node]: IMU update #14640: orientation=(0.00, 0.00, -0.01, 1.00)
[INFO] [1776662649.952011069] [imu_node]: IMU update #14660: orientation=(0.00, 0.00, -0.01, 1.00)
[INFO] [1776662652.003224752] [imu_node]: IMU update #14680: orientation=(-0.00, 0.00, 0.00, 1.00)
[INFO] [1776662654.036185292] [imu_node]: IMU update #14700: orientation=(0.00, -0.00, -0.00, 1.00)
[INFO] [1776662656.501986757] [imu_node]: IMU update #14720: orientation=(-0.00, -0.00, -0.00, 1.00)
[INFO] [1776662658.250654820] [imu_node]: IMU update #14740: orientation=(-0.00, -0.00, -0.00, 1.00)
[INFO] [1776662660.579690231] [imu_node]: IMU update #14760: orientation=(-0.00, -0.00, -0.00, 1.00)
[INFO] [1776662662.666800118] [imu_node]: IMU update #14780: orientation=(0.00, -0.00, -0.00, 1.00)
[INFO] [1776662665.073691823] [imu_node]: IMU update #14800: orientation=(0.00, -0.00, -0.00, 1.00)
[INFO] [1776662666.871432099] [imu_node]: IMU update #14820: orientation=(-0.00, -0.00, -0.00, 1.00)
[INFO] [1776662668.430095149] [imu_node]: IMU update #14840: orientation=(-0.00, 0.00, -0.00, 1.00)
[INFO] [1776662670.101606596] [imu_node]: IMU update #14860: orientation=(-0.00, -0.00, -0.00, 1.00)
[INFO] [1776662672.256493257] [imu_node]: IMU update #14880: orientation=(-0.00, -0.00, -0.00, 1.00)
[INFO] [1776662674.178330690] [imu_node]: IMU update #14900: orientation=(-0.00, 0.00, -0.00, 1.00)
[INFO] [1776662676.376639042] [imu_node]: IMU update #14920: orientation=(0.00, -0.00, -0.00, 1.00)
[INFO] [1776662678.286639904] [imu_node]: IMU update #14940: orientation=(0.00, -0.00, -0.00, 1.00)
[INFO] [1776662680.214197111] [imu_node]: IMU update #14960: orientation=(-0.00, -0.00, -0.00, 1.00)
[INFO] [1776662682.507663574] [imu_node]: IMU update #14980: orientation=(-0.00, 0.00, -0.00, 1.00)
[INFO] [1776662684.622602950] [imu_node]: IMU update #15000: orientation=(-0.00, -0.00, -0.00, 1.00)
[INFO] [1776662686.843033160] [imu_node]: IMU update #15020: orientation=(-0.00, -0.00, -0.00, 1.00)
[INFO] [1776662689.243541512] [imu_node]: IMU update #15040: orientation=(-0.00, 0.00, -0.01, 1.00)
[INFO] [1776662691.468757552] [imu_node]: IMU update #15060: orientation=(0.00, 0.00, -0.01, 1.00)
[INFO] [1776662694.021106497] [imu_node]: IMU update #15080: orientation=(0.00, -0.00, -0.01, 1.00)
[INFO] [1776662695.608472780] [imu_node]: IMU update #15100: orientation=(-0.00, -0.00, -0.01, 1.00)
[INFO] [1776662697.387476755] [imu_node]: IMU update #15120: orientation=(-0.00, -0.00, -0.01, 1.00)
[INFO] [1776662699.705732250] [imu_node]: IMU update #15140: orientation=(0.00, 0.00, -0.00, 1.00)
[INFO] [1776662702.251820114] [imu_node]: IMU update #15160: orientation=(-0.00, -0.00, -0.00, 1.00)
[INFO] [1776662704.183386598] [imu_node]: IMU update #15180: orientation=(-0.00, 0.00, -0.00, 1.00)
[INFO] [1776662706.334372087] [imu_node]: IMU update #15200: orientation=(0.00, 0.00, -0.00, 1.00)
[INFO] [1776662707.955663201] [imu_node]: IMU update #15220: orientation=(0.00, -0.00, -0.00, 1.00)
[INFO] [1776662710.157216653] [imu_node]: IMU update #15240: orientation=(-0.00, 0.00, -0.00, 1.00)
[INFO] [1776662712.482961462] [imu_node]: IMU update #15260: orientation=(0.00, 0.00, -0.00, 1.00)
[INFO] [1776662714.850459072] [imu_node]: IMU update #15280: orientation=(0.00, 0.00, -0.00, 1.00)
[INFO] [1776662717.863973025] [imu_node]: IMU update #15300: orientation=(-0.00, 0.00, -0.00, 1.00)
[INFO] [1776662721.060681026] [imu_node]: IMU update #15320: orientation=(-0.00, 0.01, -0.00, 1.00)
[INFO] [1776662723.793301951] [imu_node]: IMU update #15340: orientation=(-0.01, 0.00, -0.01, 1.00)
[INFO] [1776662727.015529640] [imu_node]: IMU update #15360: orientation=(-0.01, 0.00, -0.01, 1.00)
[INFO] [1776662730.042736349] [imu_node]: IMU update #15380: orientation=(-0.00, 0.00, -0.01, 1.00)
[INFO] [1776662733.326286123] [imu_node]: IMU update #15400: orientation=(-0.00, 0.00, -0.01, 1.00)
[INFO] [1776662735.256831563] [imu_node]: IMU update #15420: orientation=(-0.00, 0.00, -0.01, 1.00)
[INFO] [1776662738.728832360] [imu_node]: IMU update #15440: orientation=(0.00, 0.00, -0.01, 1.00)
[INFO] [1776662741.007961028] [imu_node]: IMU update #15460: orientation=(-0.00, 0.00, -0.01, 1.00)
[INFO] [1776662743.225401212] [imu_node]: IMU update #15480: orientation=(0.00, 0.00, -0.01, 1.00)
[INFO] [1776662745.771866867] [imu_node]: IMU update #15500: orientation=(0.00, -0.00, -0.01, 1.00)
[INFO] [1776662748.976800108] [imu_node]: IMU update #15520: orientation=(-0.00, -0.00, -0.01, 1.00)
[INFO] [1776662752.281139972] [imu_node]: IMU update #15540: orientation=(-0.00, -0.00, -0.01, 1.00)
[INFO] [1776662755.108552914] [imu_node]: IMU update #15560: orientation=(0.00, 0.00, -0.01, 1.00)
[INFO] [1776662757.866157905] [imu_node]: IMU update #15580: orientation=(-0.00, -0.00, -0.01, 1.00)
[INFO] [1776662760.039960297] [imu_node]: IMU update #15600: orientation=(-0.00, 0.00, -0.01, 1.00)
[INFO] [1776662762.229544341] [imu_node]: IMU update #15620: orientation=(-0.00, -0.00, -0.01, 1.00)
[INFO] [1776662764.633437183] [imu_node]: IMU update #15640: orientation=(-0.00, -0.00, -0.01, 1.00)
[INFO] [1776662768.188084163] [imu_node]: IMU update #15660: orientation=(-0.01, 0.00, -0.01, 1.00)
[INFO] [1776662770.521730628] [imu_node]: IMU update #15680: orientation=(-0.01, 0.00, -0.01, 1.00)
[INFO] [1776662772.965149845] [imu_node]: IMU update #15700: orientation=(-0.00, -0.01, -0.00, 1.00)
[INFO] [1776662775.305846885] [imu_node]: IMU update #15720: orientation=(-0.00, -0.02, -0.01, 1.00)
[INFO] [1776662778.424495751] [imu_node]: IMU update #15740: orientation=(-0.00, -0.00, -0.01, 1.00)
[INFO] [1776662783.747243357] [imu_node]: IMU update #15760: orientation=(0.00, 0.00, -0.01, 1.00)
[INFO] [1776662786.769421188] [imu_node]: IMU update #15780: orientation=(-0.00, 0.00, -0.01, 1.00)
[INFO] [1776662789.182689730] [imu_node]: IMU update #15800: orientation=(-0.00, -0.00, -0.01, 1.00)
[INFO] [1776662792.057560509] [imu_node]: IMU update #15820: orientation=(-0.00, 0.00, -0.01, 1.00)
[INFO] [1776662795.930830588] [imu_node]: IMU update #15840: orientation=(-0.00, -0.00, -0.01, 1.00)
[INFO] [1776662798.666293679] [imu_node]: IMU update #15860: orientation=(0.00, 0.00, -0.01, 1.00)
[INFO] [1776662800.923144713] [imu_node]: IMU update #15880: orientation=(-0.00, 0.00, -0.01, 1.00)
[INFO] [1776662804.322385224] [imu_node]: IMU update #15900: orientation=(0.00, -0.00, -0.01, 1.00)
[INFO] [1776662809.384231872] [imu_node]: IMU update #15920: orientation=(0.00, 0.00, -0.01, 1.00)
[INFO] [1776662813.344680047] [imu_node]: IMU update #15940: orientation=(-0.00, 0.00, -0.01, 1.00)
[INFO] [1776662817.324119738] [imu_node]: IMU update #15960: orientation=(0.00, -0.00, -0.01, 1.00)
[INFO] [1776662819.401490250] [imu_node]: IMU update #15980: orientation=(0.00, -0.00, -0.01, 1.00)
[INFO] [1776662822.054144223] [imu_node]: IMU update #16000: orientation=(-0.00, 0.00, -0.01, 1.00)
[INFO] [1776662824.049846122] [imu_node]: IMU update #16020: orientation=(-0.00, -0.00, -0.01, 1.00)
[INFO] [1776662826.612638108] [imu_node]: IMU update #16040: orientation=(-0.00, 0.00, -0.01, 1.00)
[INFO] [1776662828.659093188] [imu_node]: IMU update #16060: orientation=(-0.00, 0.00, -0.01, 1.00)
[INFO] [1776662830.856050895] [imu_node]: IMU update #16080: orientation=(0.00, 0.00, -0.01, 1.00)
[INFO] [1776662834.001583254] [imu_node]: IMU update #16100: orientation=(-0.00, 0.00, -0.01, 1.00)
[INFO] [1776662836.101434315] [imu_node]: IMU update #16120: orientation=(0.00, 0.00, -0.01, 1.00)
[INFO] [1776662838.855318032] [imu_node]: IMU update #16140: orientation=(0.00, 0.00, -0.01, 1.00)
[INFO] [1776662841.232817616] [imu_node]: IMU update #16160: orientation=(-0.00, 0.00, -0.01, 1.00)
[INFO] [1776662843.818132015] [imu_node]: IMU update #16180: orientation=(-0.00, -0.00, -0.01, 1.00)
[INFO] [1776662846.444770709] [imu_node]: IMU update #16200: orientation=(0.00, -0.00, -0.01, 1.00)
[INFO] [1776662849.572477506] [imu_node]: IMU update #16220: orientation=(-0.00, -0.00, -0.01, 1.00)
[INFO] [1776662852.763414386] [imu_node]: IMU update #16240: orientation=(0.00, -0.00, -0.01, 1.00)
[INFO] [1776662854.538587298] [imu_node]: IMU update #16260: orientation=(-0.00, 0.00, -0.01, 1.00)
[INFO] [1776662856.727937091] [imu_node]: IMU update #16280: orientation=(0.00, 0.00, -0.01, 1.00)
[INFO] [1776662859.219492330] [imu_node]: IMU update #16300: orientation=(0.00, 0.00, -0.01, 1.00)
[INFO] [1776662861.075836169] [imu_node]: IMU update #16320: orientation=(-0.00, 0.00, -0.01, 1.00)
[INFO] [1776662863.229353270] [imu_node]: IMU update #16340: orientation=(-0.00, 0.00, -0.01, 1.00)
[INFO] [1776662865.158804488] [imu_node]: IMU update #16360: orientation=(0.00, -0.00, -0.01, 1.00)
[INFO] [1776662867.270094346] [imu_node]: IMU update #16380: orientation=(-0.00, 0.00, -0.01, 1.00)
[INFO] [1776662869.486425994] [imu_node]: IMU update #16400: orientation=(0.00, 0.00, -0.01, 1.00)
[INFO] [1776662873.618518655] [imu_node]: IMU update #16420: orientation=(0.00, 0.00, -0.01, 1.00)
[INFO] [1776662876.095511122] [imu_node]: IMU update #16440: orientation=(-0.00, 0.00, -0.01, 1.00)
[INFO] [1776662878.382015402] [imu_node]: IMU update #16460: orientation=(0.00, -0.00, -0.01, 1.00)
[INFO] [1776662880.281913374] [imu_node]: IMU update #16480: orientation=(-0.00, -0.00, -0.01, 1.00)
[INFO] [1776662882.771333183] [imu_node]: IMU update #16500: orientation=(0.00, 0.00, -0.01, 1.00)
[INFO] [1776662885.133597218] [imu_node]: IMU update #16520: orientation=(0.00, 0.00, -0.01, 1.00)
[INFO] [1776662887.928704789] [imu_node]: IMU update #16540: orientation=(-0.00, 0.00, -0.01, 1.00)
[INFO] [1776662889.778385127] [imu_node]: IMU update #16560: orientation=(-0.00, -0.00, -0.01, 1.00)
[INFO] [1776662892.202891098] [imu_node]: IMU update #16580: orientation=(0.00, 0.00, -0.01, 1.00)
[INFO] [1776662894.374542562] [imu_node]: IMU update #16600: orientation=(-0.00, 0.00, -0.01, 1.00)
[INFO] [1776662897.479725683] [imu_node]: IMU update #16620: orientation=(0.00, 0.00, -0.01, 1.00)
[INFO] [1776662899.945527624] [imu_node]: IMU update #16640: orientation=(-0.00, 0.00, -0.01, 1.00)
[INFO] [1776662902.241763751] [imu_node]: IMU update #16660: orientation=(0.00, -0.00, -0.01, 1.00)
[INFO] [1776662905.131164025] [imu_node]: IMU update #16680: orientation=(0.00, 0.00, -0.01, 1.00)
[INFO] [1776662908.633171073] [imu_node]: IMU update #16700: orientation=(-0.00, 0.00, -0.01, 1.00)
[INFO] [1776662911.158447005] [imu_node]: IMU update #16720: orientation=(0.00, -0.00, -0.01, 1.00)
[INFO] [1776662913.052085904] [imu_node]: IMU update #16740: orientation=(-0.00, 0.00, -0.01, 1.00)
[INFO] [1776662915.217557154] [imu_node]: IMU update #16760: orientation=(-0.00, -0.00, -0.01, 1.00)
[INFO] [1776662916.787735731] [imu_node]: IMU update #16780: orientation=(0.00, 0.00, -0.01, 1.00)
[INFO] [1776662918.784778477] [imu_node]: IMU update #16800: orientation=(-0.00, -0.00, -0.01, 1.00)
[INFO] [1776662920.867255854] [imu_node]: IMU update #16820: orientation=(0.00, 0.00, -0.01, 1.00)
[INFO] [1776662923.173386190] [imu_node]: IMU update #16840: orientation=(-0.00, 0.00, -0.01, 1.00)
[INFO] [1776662925.399530633] [imu_node]: IMU update #16860: orientation=(0.00, -0.00, -0.01, 1.00)
[INFO] [1776662927.549237785] [imu_node]: IMU update #16880: orientation=(0.00, 0.00, -0.01, 1.00)
[INFO] [1776662930.318609245] [imu_node]: IMU update #16900: orientation=(0.00, 0.00, -0.01, 1.00)
[INFO] [1776662932.869701364] [imu_node]: IMU update #16920: orientation=(0.00, 0.00, -0.01, 1.00)
[INFO] [1776662935.104196401] [imu_node]: IMU update #16940: orientation=(-0.00, 0.00, -0.01, 1.00)
[INFO] [1776662938.308645718] [imu_node]: IMU update #16960: orientation=(0.00, 0.00, -0.01, 1.00)
[INFO] [1776662941.002085443] [imu_node]: IMU update #16980: orientation=(0.00, 0.00, -0.01, 1.00)
[INFO] [1776662944.752939340] [imu_node]: IMU update #17000: orientation=(0.00, 0.00, -0.01, 1.00)
[INFO] [1776662948.061552882] [imu_node]: IMU update #17020: orientation=(0.00, 0.00, -0.01, 1.00)
[INFO] [1776662950.148508687] [imu_node]: IMU update #17040: orientation=(-0.00, 0.00, -0.01, 1.00)
[INFO] [1776662952.458257607] [imu_node]: IMU update #17060: orientation=(-0.00, -0.00, -0.01, 1.00)
[INFO] [1776662955.265198743] [imu_node]: IMU update #17080: orientation=(0.00, 0.00, -0.01, 1.00)
[INFO] [1776662958.057137398] [imu_node]: IMU update #17100: orientation=(0.00, -0.00, -0.01, 1.00)
[INFO] [1776662961.465019395] [imu_node]: IMU update #17120: orientation=(-0.00, -0.00, -0.01, 1.00)
[INFO] [1776662966.393827494] [imu_node]: IMU update #17140: orientation=(-0.00, -0.00, -0.01, 1.00)
[INFO] [1776662968.357247718] [imu_node]: IMU update #17160: orientation=(-0.00, 0.00, -0.01, 1.00)
[INFO] [1776662970.750720903] [imu_node]: IMU update #17180: orientation=(0.00, 0.00, -0.01, 1.00)
[INFO] [1776662974.340438108] [imu_node]: IMU update #17200: orientation=(-0.00, 0.00, -0.01, 1.00)
[INFO] [1776662977.077226731] [imu_node]: IMU update #17220: orientation=(-0.00, 0.00, -0.01, 1.00)
[INFO] [1776662980.190574577] [imu_node]: IMU update #17240: orientation=(0.00, -0.00, -0.01, 1.00)
[INFO] [1776662982.670326968] [imu_node]: IMU update #17260: orientation=(-0.00, 0.00, -0.01, 1.00)
[INFO] [1776662986.179293329] [imu_node]: IMU update #17280: orientation=(-0.00, -0.00, -0.01, 1.00)
[INFO] [1776662988.466353204] [imu_node]: IMU update #17300: orientation=(-0.00, 0.00, -0.01, 1.00)
[INFO] [1776662990.827038873] [imu_node]: IMU update #17320: orientation=(-0.00, -0.00, -0.01, 1.00)
[INFO] [1776662994.158485834] [imu_node]: IMU update #17340: orientation=(-0.00, 0.00, -0.01, 1.00)
[INFO] [1776662996.301152806] [imu_node]: IMU update #17360: orientation=(-0.00, -0.00, -0.01, 1.00)
[INFO] [1776662998.928998296] [imu_node]: IMU update #17380: orientation=(-0.00, -0.00, -0.01, 1.00)
[INFO] [1776663001.862927142] [imu_node]: IMU update #17400: orientation=(0.00, 0.00, -0.01, 1.00)
[INFO] [1776663005.014474004] [imu_node]: IMU update #17420: orientation=(-0.00, 0.00, -0.01, 1.00)
[INFO] [1776663007.939599342] [imu_node]: IMU update #17440: orientation=(-0.00, 0.00, -0.01, 1.00)
[INFO] [1776663010.771393236] [imu_node]: IMU update #17460: orientation=(0.00, -0.00, -0.01, 1.00)
[INFO] [1776663014.170162759] [imu_node]: IMU update #17480: orientation=(-0.00, -0.00, -0.01, 1.00)
[INFO] [1776663017.258387605] [imu_node]: IMU update #17500: orientation=(-0.00, -0.00, -0.01, 1.00)
[INFO] [1776663020.750326474] [imu_node]: IMU update #17520: orientation=(-0.00, -0.00, -0.01, 1.00)
[INFO] [1776663023.946413841] [imu_node]: IMU update #17540: orientation=(0.00, -0.00, -0.01, 1.00)
[INFO] [1776663028.086917425] [imu_node]: IMU update #17560: orientation=(0.00, 0.00, -0.01, 1.00)
[INFO] [1776663032.369739660] [imu_node]: IMU update #17580: orientation=(-0.00, 0.00, -0.01, 1.00)
[INFO] [1776663034.904536292] [imu_node]: IMU update #17600: orientation=(-0.00, 0.00, -0.01, 1.00)
[INFO] [1776663036.794617697] [imu_node]: IMU update #17620: orientation=(-0.00, 0.00, -0.01, 1.00)
[INFO] [1776663038.351626216] [imu_node]: IMU update #17640: orientation=(-0.00, 0.00, -0.01, 1.00)
[INFO] [1776663040.050057149] [imu_node]: IMU update #17660: orientation=(0.00, 0.00, -0.01, 1.00)
[INFO] [1776663041.305419780] [imu_node]: IMU update #17680: orientation=(-0.00, -0.00, -0.01, 1.00)
[INFO] [1776663042.816395716] [imu_node]: IMU update #17700: orientation=(-0.00, -0.00, -0.01, 1.00)
[INFO] [1776663044.319071134] [imu_node]: IMU update #17720: orientation=(-0.00, 0.00, -0.01, 1.00)
[INFO] [1776663045.752017993] [imu_node]: IMU update #17740: orientation=(-0.00, 0.00, -0.01, 1.00)
[INFO] [1776663047.170522307] [imu_node]: IMU update #17760: orientation=(-0.00, 0.00, -0.01, 1.00)
[INFO] [1776663048.712595436] [imu_node]: IMU update #17780: orientation=(0.00, 0.00, -0.01, 1.00)
[INFO] [1776663049.868550859] [imu_node]: IMU update #17800: orientation=(-0.00, 0.00, -0.01, 1.00)
[INFO] [1776663051.378947049] [imu_node]: IMU update #17820: orientation=(-0.00, -0.00, -0.01, 1.00)
[INFO] [1776663052.867211828] [imu_node]: IMU update #17840: orientation=(0.00, -0.00, -0.01, 1.00)
[INFO] [1776663054.356604664] [imu_node]: IMU update #17860: orientation=(-0.00, 0.00, -0.01, 1.00)
[INFO] [1776663055.496551655] [imu_node]: IMU update #17880: orientation=(-0.00, 0.00, -0.01, 1.00)
[INFO] [1776663057.074299096] [imu_node]: IMU update #17900: orientation=(-0.00, 0.00, -0.01, 1.00)
[INFO] [1776663058.502630347] [imu_node]: IMU update #17920: orientation=(-0.00, 0.00, -0.01, 1.00)
[INFO] [1776663059.926043616] [imu_node]: IMU update #17940: orientation=(0.00, 0.00, -0.01, 1.00)
[INFO] [1776663060.980651416] [imu_node]: IMU update #17960: orientation=(-0.00, 0.00, -0.01, 1.00)
[INFO] [1776663062.030891949] [imu_node]: IMU update #17980: orientation=(-0.00, 0.00, -0.01, 1.00)
[INFO] [1776663063.408708413] [imu_node]: IMU update #18000: orientation=(-0.00, -0.00, -0.01, 1.00)
[INFO] [1776663064.647023836] [imu_node]: IMU update #18020: orientation=(0.00, 0.00, -0.01, 1.00)
[INFO] [1776663065.921327957] [imu_node]: IMU update #18040: orientation=(-0.00, 0.00, -0.01, 1.00)
[INFO] [1776663066.767832710] [imu_node]: IMU update #18060: orientation=(-0.00, -0.00, -0.01, 1.00)
[INFO] [1776663067.904578603] [imu_node]: IMU update #18080: orientation=(-0.00, -0.00, -0.01, 1.00)
[INFO] [1776663068.915952374] [imu_node]: IMU update #18100: orientation=(-0.00, -0.00, -0.01, 1.00)
[INFO] [1776663070.437848882] [imu_node]: IMU update #18120: orientation=(-0.00, -0.00, -0.01, 1.00)
[INFO] [1776663071.736009781] [imu_node]: IMU update #18140: orientation=(-0.00, -0.00, -0.01, 1.00)
[INFO] [1776663072.702807890] [imu_node]: IMU update #18160: orientation=(-0.00, -0.00, -0.01, 1.00)
[INFO] [1776663073.445766892] [imu_node]: IMU update #18180: orientation=(0.00, 0.00, -0.01, 1.00)
[INFO] [1776663074.169293206] [imu_node]: IMU update #18200: orientation=(-0.00, -0.00, -0.01, 1.00)
[INFO] [1776663075.297082931] [imu_node]: IMU update #18220: orientation=(-0.00, -0.00, -0.01, 1.00)
[INFO] [1776663076.426091660] [imu_node]: IMU update #18240: orientation=(-0.00, -0.00, -0.01, 1.00)
[INFO] [1776663077.466953689] [imu_node]: IMU update #18260: orientation=(0.00, -0.00, -0.01, 1.00)
[INFO] [1776663078.508664108] [imu_node]: IMU update #18280: orientation=(0.00, -0.00, -0.01, 1.00)
[INFO] [1776663079.540949829] [imu_node]: IMU update #18300: orientation=(-0.00, -0.00, -0.01, 1.00)
[INFO] [1776663080.789729638] [imu_node]: IMU update #18320: orientation=(0.00, -0.00, -0.01, 1.00)
[INFO] [1776663081.906756696] [imu_node]: IMU update #18340: orientation=(0.00, -0.00, -0.01, 1.00)
[INFO] [1776663082.972981204] [imu_node]: IMU update #18360: orientation=(-0.00, 0.00, -0.01, 1.00)
[INFO] [1776663084.324643615] [imu_node]: IMU update #18380: orientation=(-0.00, -0.00, -0.01, 1.00)
[INFO] [1776663085.277762324] [imu_node]: IMU update #18400: orientation=(-0.00, -0.00, -0.01, 1.00)
[INFO] [1776663086.261127916] [imu_node]: IMU update #18420: orientation=(-0.00, 0.00, -0.01, 1.00)
[INFO] [1776663087.246379498] [imu_node]: IMU update #18440: orientation=(-0.00, -0.00, -0.01, 1.00)
