running develop
running egg_info
creating space_rover.egg-info
writing space_rover.egg-info/PKG-INFO
writing dependency_links to space_rover.egg-info/dependency_links.txt
writing entry points to space_rover.egg-info/entry_points.txt
writing requirements to space_rover.egg-info/requires.txt
writing top-level names to space_rover.egg-info/top_level.txt
writing manifest file 'space_rover.egg-info/SOURCES.txt'
reading manifest file 'space_rover.egg-info/SOURCES.txt'
writing manifest file 'space_rover.egg-info/SOURCES.txt'
running build_ext
Creating /home/pes2ug23cs377/space-rover/install/space_rover/lib/python3.10/site-packages/space-rover.egg-link (link to .)

Installed /home/pes2ug23cs377/space-rover/build/space_rover
running symlink_data
creating /home/pes2ug23cs377/space-rover/install/space_rover/share/ament_index
creating /home/pes2ug23cs377/space-rover/install/space_rover/share/ament_index/resource_index
creating /home/pes2ug23cs377/space-rover/install/space_rover/share/ament_index/resource_index/packages
symbolically linking /home/pes2ug23cs377/space-rover/build/space_rover/resource/space_rover -> /home/pes2ug23cs377/space-rover/install/space_rover/share/ament_index/resource_index/packages
symbolically linking /home/pes2ug23cs377/space-rover/build/space_rover/package.xml -> /home/pes2ug23cs377/space-rover/install/space_rover/share/space_rover
